\BOOKMARK [1][-]{Doc-Start}{\376\377\000E\000x\000e\000c\000u\000t\000i\000v\000e\000\040\000S\000u\000m\000m\000a\000r\000y}{}% 1
\BOOKMARK [1][-]{Doc-Start}{\376\377\000L\000i\000s\000t\000\040\000o\000f\000\040\000T\000a\000b\000l\000e\000s}{}% 2
\BOOKMARK [1][-]{Doc-Start}{\376\377\000L\000i\000s\000t\000\040\000o\000f\000\040\000F\000i\000g\000u\000r\000e\000s}{}% 3
\BOOKMARK [0][-]{chapter.1}{\376\377\000I\000n\000t\000r\000o\000d\000u\000c\000t\000i\000o\000n}{}% 4
\BOOKMARK [1][-]{section.2}{\376\377\000I\000n\000t\000r\000o\000d\000u\000c\000t\000i\000o\000n}{chapter.1}% 5
\BOOKMARK [1][-]{section.3}{\376\377\000V\000i\000s\000i\000o\000n\000\040\000S\000t\000a\000t\000e\000m\000e\000n\000t}{chapter.1}% 6
\BOOKMARK [1][-]{section.16}{\376\377\000T\000o\000o\000l\000s\000\040\000a\000n\000d\000\040\000T\000e\000c\000h\000n\000o\000l\000o\000g\000i\000e\000s}{chapter.1}% 7
\BOOKMARK [2][-]{subsection.19}{\376\377\000P\000r\000o\000g\000r\000a\000m\000m\000i\000n\000g\000\040\000F\000u\000n\000d\000a\000m\000e\000n\000t\000a\000l\000s}{section.16}% 8
\BOOKMARK [2][-]{subsection.20}{\376\377\000D\000a\000t\000a\000\040\000S\000t\000r\000u\000c\000t\000u\000r\000e\000s\000\040\000a\000n\000d\000\040\000A\000l\000g\000o\000r\000i\000t\000h\000m\000s}{section.16}% 9
\BOOKMARK [2][-]{subsection.21}{\376\377\000D\000a\000t\000a\000b\000a\000s\000e\000\040\000M\000a\000n\000a\000g\000e\000m\000e\000n\000t\000\040\000S\000y\000s\000t\000e\000m\000s}{section.16}% 10
\BOOKMARK [2][-]{subsection.22}{\376\377\000S\000o\000f\000t\000w\000a\000r\000e\000\040\000E\000n\000g\000i\000n\000e\000e\000r\000i\000n\000g}{section.16}% 11
\BOOKMARK [2][-]{subsection.23}{\376\377\000O\000t\000h\000e\000r\000\040\000R\000e\000l\000e\000v\000a\000n\000t\000\040\000C\000o\000u\000r\000s\000e\000s}{section.16}% 12
\BOOKMARK [0][-]{chapter.24}{\376\377\000P\000r\000o\000b\000l\000e\000m\000\040\000D\000e\000f\000i\000n\000i\000t\000i\000o\000n}{}% 13
\BOOKMARK [1][-]{section.25}{\376\377\000P\000r\000o\000b\000l\000e\000m\000\040\000S\000t\000a\000t\000e\000m\000e\000n\000t}{chapter.24}% 14
\BOOKMARK [1][-]{section.26}{\376\377\000P\000r\000o\000p\000o\000s\000e\000d\000\040\000S\000o\000l\000u\000t\000i\000o\000n\000\040\000O\000v\000e\000r\000v\000i\000e\000w}{chapter.24}% 15
\BOOKMARK [1][-]{section.27}{\376\377\000O\000b\000j\000e\000c\000t\000i\000v\000e\000s\000\040\000o\000f\000\040\000t\000h\000e\000\040\000P\000r\000o\000p\000o\000s\000e\000d\000\040\000S\000y\000s\000t\000e\000m}{chapter.24}% 16
\BOOKMARK [1][-]{section.28}{\376\377\000S\000c\000o\000p\000e\000\040\000o\000f\000\040\000t\000h\000e\000\040\000S\000y\000s\000t\000e\000m}{chapter.24}% 17
\BOOKMARK [1][-]{section.29}{\376\377\000S\000y\000s\000t\000e\000m\000\040\000A\000r\000c\000h\000i\000t\000e\000c\000t\000u\000r\000e\000\040\000a\000n\000d\000\040\000M\000o\000d\000u\000l\000e\000s}{chapter.24}% 18
\BOOKMARK [2][-]{subsection.30}{\376\377\000M\000o\000d\000u\000l\000e\000\040\0001\000:\000\040\000P\000r\000o\000f\000i\000l\000e\000\040\000M\000a\000n\000a\000g\000e\000m\000e\000n\000t\000\040\000\050\000R\000e\000g\000i\000s\000t\000r\000a\000t\000i\000o\000n\000\040\000\046\000\040\000V\000e\000r\000i\000f\000i\000c\000a\000t\000i\000o\000n\000\051}{section.29}% 19
\BOOKMARK [2][-]{subsection.31}{\376\377\000M\000o\000d\000u\000l\000e\000\040\0002\000:\000\040\000C\000o\000m\000m\000u\000n\000i\000c\000a\000t\000i\000o\000n\000\040\000M\000o\000d\000u\000l\000e\000\040\000\050\000C\000h\000a\000t\000\040\000\046\000\040\000N\000o\000t\000i\000f\000i\000c\000a\000t\000i\000o\000n\000s\000\051}{section.29}% 20
\BOOKMARK [2][-]{subsection.32}{\376\377\000M\000o\000d\000u\000l\000e\000\040\0003\000:\000\040\000C\000o\000r\000e\000\040\000F\000u\000n\000c\000t\000i\000o\000n\000a\000l\000\040\000M\000o\000d\000u\000l\000e\000\040\000\050\000R\000i\000d\000e\000\040\000M\000a\000n\000a\000g\000e\000m\000e\000n\000t\000\040\000\046\000\040\000B\000o\000o\000k\000i\000n\000g\000\051}{section.29}% 21
\BOOKMARK [2][-]{subsection.33}{\376\377\000M\000o\000d\000u\000l\000e\000\040\0004\000:\000\040\000M\000a\000n\000a\000g\000e\000m\000e\000n\000t\000\040\000/\000\040\000A\000d\000m\000i\000n\000\040\000M\000o\000d\000u\000l\000e}{section.29}% 22
\BOOKMARK [2][-]{subsection.34}{\376\377\000M\000o\000d\000u\000l\000e\000\040\0005\000:\000\040\000A\000d\000v\000a\000n\000c\000e\000d\000\040\000/\000\040\000A\000d\000d\000i\000t\000i\000o\000n\000a\000l\000\040\000F\000e\000a\000t\000u\000r\000e\000s\000\040\000\050\000M\000L\000\040\000\046\000\040\000C\000h\000a\000t\000b\000o\000t\000\051}{section.29}% 23
\BOOKMARK [1][-]{section.35}{\376\377\000A\000s\000s\000u\000m\000p\000t\000i\000o\000n\000s\000\040\000a\000n\000d\000\040\000D\000e\000p\000e\000n\000d\000e\000n\000c\000i\000e\000s}{chapter.24}% 24
\BOOKMARK [1][-]{section.36}{\376\377\000C\000h\000a\000p\000t\000e\000r\000\040\000S\000u\000m\000m\000a\000r\000y}{chapter.24}% 25
\BOOKMARK [0][-]{chapter.37}{\376\377\000R\000e\000q\000u\000i\000r\000e\000m\000e\000n\000t\000\040\000A\000n\000a\000l\000y\000s\000i\000s}{}% 26
\BOOKMARK [1][-]{section.38}{\376\377\000I\000n\000t\000r\000o\000d\000u\000c\000t\000i\000o\000n\000\040\000t\000o\000\040\000R\000e\000q\000u\000i\000r\000e\000m\000e\000n\000t\000\040\000A\000n\000a\000l\000y\000s\000i\000s}{chapter.37}% 27
\BOOKMARK [1][-]{section.39}{\376\377\000R\000e\000q\000u\000i\000r\000e\000m\000e\000n\000t\000\040\000E\000l\000i\000c\000i\000t\000a\000t\000i\000o\000n\000\040\000T\000e\000c\000h\000n\000i\000q\000u\000e\000s}{chapter.37}% 28
\BOOKMARK [1][-]{section.40}{\376\377\000U\000s\000e\000r\000\040\000C\000l\000a\000s\000s\000e\000s\000\040\000a\000n\000d\000\040\000C\000h\000a\000r\000a\000c\000t\000e\000r\000i\000s\000t\000i\000c\000s}{chapter.37}% 29
\BOOKMARK [1][-]{section.43}{\376\377\000S\000y\000s\000t\000e\000m\000\040\000O\000v\000e\000r\000v\000i\000e\000w}{chapter.37}% 30
\BOOKMARK [1][-]{section.44}{\376\377\000U\000s\000e\000\040\000C\000a\000s\000e\000\040\000M\000o\000d\000e\000l}{chapter.37}% 31
\BOOKMARK [2][-]{subsection.45}{\376\377\000U\000s\000e\000\040\000C\000a\000s\000e\000\040\000D\000i\000a\000g\000r\000a\000m}{section.44}% 32
\BOOKMARK [2][-]{subsection.64}{\376\377\000U\000s\000e\000\040\000C\000a\000s\000e\000\040\000D\000e\000s\000c\000r\000i\000p\000t\000i\000o\000n\000s}{section.44}% 33
\BOOKMARK [3][-]{subsubsection.65}{\376\377\000R\000e\000g\000i\000s\000t\000r\000a\000t\000i\000o\000n\000\040\000\046\000\040\000V\000e\000r\000i\000f\000i\000c\000a\000t\000i\000o\000n\000\040\000\050\000U\000C\000-\0001\000\040\000t\000o\000\040\000U\000C\000-\0004\000\051}{subsection.64}% 34
\BOOKMARK [3][-]{subsubsection.66}{\376\377\000V\000e\000h\000i\000c\000l\000e\000\040\000M\000a\000n\000a\000g\000e\000m\000e\000n\000t\000\040\000\050\000U\000C\000-\0005\000\040\000t\000o\000\040\000U\000C\000-\0006\000\051}{subsection.64}% 35
\BOOKMARK [3][-]{subsubsection.67}{\376\377\000R\000i\000d\000e\000\040\000M\000a\000n\000a\000g\000e\000m\000e\000n\000t\000\040\000\050\000U\000C\000-\0007\000\040\000t\000o\000\040\000U\000C\000-\0009\000\051}{subsection.64}% 36
\BOOKMARK [1][-]{section.68}{\376\377\000F\000u\000n\000c\000t\000i\000o\000n\000a\000l\000\040\000R\000e\000q\000u\000i\000r\000e\000m\000e\000n\000t\000s}{chapter.37}% 37
\BOOKMARK [2][-]{subsection.69}{\376\377\000F\000R\000-\0001\000:\000\040\000U\000s\000e\000r\000\040\000R\000e\000g\000i\000s\000t\000r\000a\000t\000i\000o\000n\000\040\000\046\000\040\000A\000u\000t\000h\000e\000n\000t\000i\000c\000a\000t\000i\000o\000n}{section.68}% 38
\BOOKMARK [3][-]{subsubsection.70}{\376\377\000F\000R\000-\0001\000.\0001\000:\000\040\000R\000e\000g\000i\000s\000t\000r\000a\000t\000i\000o\000n\000\040\000F\000i\000e\000l\000d\000s}{subsection.69}% 39
\BOOKMARK [3][-]{subsubsection.71}{\376\377\000F\000R\000-\0001\000.\0002\000:\000\040\000D\000o\000c\000u\000m\000e\000n\000t\000/\000I\000m\000a\000g\000e\000\040\000U\000p\000l\000o\000a\000d\000s}{subsection.69}% 40
\BOOKMARK [3][-]{subsubsection.72}{\376\377\000F\000R\000-\0001\000.\0003\000:\000\040\000O\000T\000P\000\040\000V\000e\000r\000i\000f\000i\000c\000a\000t\000i\000o\000n}{subsection.69}% 41
\BOOKMARK [3][-]{subsubsection.73}{\376\377\000F\000R\000-\0001\000.\0004\000:\000\040\000P\000o\000s\000t\000-\000O\000T\000P\000\040\000S\000t\000a\000t\000e\000\040\000a\000n\000d\000\040\000L\000o\000g\000i\000n}{subsection.69}% 42
\BOOKMARK [2][-]{subsection.74}{\376\377\000F\000R\000-\0002\000:\000\040\000A\000d\000m\000i\000n\000\040\000V\000e\000r\000i\000f\000i\000c\000a\000t\000i\000o\000n\000\040\000\046\000\040\000M\000a\000n\000a\000g\000e\000m\000e\000n\000t}{section.68}% 43
\BOOKMARK [3][-]{subsubsection.75}{\376\377\000F\000R\000-\0002\000.\0001\000:\000\040\000A\000d\000m\000i\000n\000\040\000U\000s\000e\000r\000\040\000L\000i\000s\000t\000\040\000\046\000\040\000D\000e\000t\000a\000i\000l\000s}{subsection.74}% 44
\BOOKMARK [3][-]{subsubsection.76}{\376\377\000F\000R\000-\0002\000.\0002\000:\000\040\000V\000e\000r\000i\000f\000y\000/\000R\000e\000j\000e\000c\000t\000/\000B\000a\000n\000/\000C\000r\000e\000a\000t\000e}{subsection.74}% 45
\BOOKMARK [3][-]{subsubsection.77}{\376\377\000F\000R\000-\0002\000.\0003\000:\000\040\000V\000e\000r\000i\000f\000i\000c\000a\000t\000i\000o\000n\000\040\000S\000L\000A}{subsection.74}% 46
\BOOKMARK [2][-]{subsection.78}{\376\377\000F\000R\000-\0003\000:\000\040\000V\000e\000h\000i\000c\000l\000e\000\040\000M\000a\000n\000a\000g\000e\000m\000e\000n\000t\000\040\000\050\000D\000r\000i\000v\000e\000r\000s\000\051}{section.68}% 47
\BOOKMARK [3][-]{subsubsection.79}{\376\377\000F\000R\000-\0003\000.\0001\000:\000\040\000V\000e\000h\000i\000c\000l\000e\000\040\000C\000r\000e\000a\000t\000i\000o\000n}{subsection.78}% 48
\BOOKMARK [3][-]{subsubsection.80}{\376\377\000F\000R\000-\0003\000.\0002\000:\000\040\000M\000u\000l\000t\000i\000p\000l\000e\000\040\000V\000e\000h\000i\000c\000l\000e\000s\000\040\000\046\000\040\000E\000d\000i\000t\000/\000D\000e\000l\000e\000t\000e}{subsection.78}% 49
\BOOKMARK [2][-]{subsection.81}{\376\377\000F\000R\000-\0004\000:\000\040\000R\000i\000d\000e\000\040\000C\000r\000e\000a\000t\000i\000o\000n\000\040\000\050\000D\000r\000i\000v\000e\000r\000\051}{section.68}% 50
\BOOKMARK [3][-]{subsubsection.82}{\376\377\000F\000R\000-\0004\000.\0001\000:\000\040\000M\000a\000p\000-\000b\000a\000s\000e\000d\000\040\000R\000o\000u\000t\000e\000\040\000E\000d\000i\000t\000o\000r}{subsection.81}% 51
\BOOKMARK [3][-]{subsubsection.83}{\376\377\000F\000R\000-\0004\000.\0002\000:\000\040\000R\000i\000d\000e\000\040\000P\000a\000r\000a\000m\000e\000t\000e\000r\000s}{subsection.81}% 52
\BOOKMARK [3][-]{subsubsection.84}{\376\377\000F\000R\000-\0004\000.\0003\000:\000\040\000R\000i\000d\000e\000\040\000E\000d\000i\000t\000i\000n\000g\000/\000C\000a\000n\000c\000e\000l\000\040\000R\000u\000l\000e\000s}{subsection.81}% 53
\BOOKMARK [2][-]{subsection.85}{\376\377\000F\000R\000-\0005\000:\000\040\000R\000i\000d\000e\000\040\000B\000r\000o\000w\000s\000i\000n\000g\000\040\000\046\000\040\000B\000o\000o\000k\000i\000n\000g\000\040\000\050\000P\000a\000s\000s\000e\000n\000g\000e\000r\000s\000\051}{section.68}% 54
\BOOKMARK [3][-]{subsubsection.86}{\376\377\000F\000R\000-\0005\000.\0001\000:\000\040\000B\000r\000o\000w\000s\000e\000\040\000\046\000\040\000R\000i\000d\000e\000\040\000C\000a\000r\000d}{subsection.85}% 55
\BOOKMARK [3][-]{subsubsection.87}{\376\377\000F\000R\000-\0005\000.\0002\000:\000\040\000B\000o\000o\000k\000i\000n\000g\000\040\000F\000l\000o\000w}{subsection.85}% 56
\BOOKMARK [2][-]{subsection.88}{\376\377\000F\000R\000-\0006\000:\000\040\000F\000a\000r\000e\000\040\000N\000e\000g\000o\000t\000i\000a\000t\000i\000o\000n}{section.68}% 57
\BOOKMARK [3][-]{subsubsection.89}{\376\377\000F\000R\000-\0006\000.\0001\000:\000\040\000N\000e\000g\000o\000t\000i\000a\000t\000i\000o\000n\000\040\000M\000e\000s\000s\000a\000g\000i\000n\000g\000\040\000\046\000\040\000R\000e\000c\000o\000r\000d\000i\000n\000g}{subsection.88}% 58
\BOOKMARK [2][-]{subsection.90}{\376\377\000F\000R\000-\0007\000:\000\040\000B\000o\000o\000k\000i\000n\000g\000\040\000C\000o\000n\000f\000i\000r\000m\000a\000t\000i\000o\000n\000\040\000\046\000\040\000N\000o\000t\000i\000f\000i\000c\000a\000t\000i\000o\000n\000s}{section.68}% 59
\BOOKMARK [3][-]{subsubsection.91}{\376\377\000F\000R\000-\0007\000.\0001\000:\000\040\000N\000o\000t\000i\000f\000i\000c\000a\000t\000i\000o\000n\000s\000\040\000f\000o\000r\000\040\000B\000o\000o\000k\000i\000n\000g\000\040\000E\000v\000e\000n\000t\000s}{subsection.90}% 60
\BOOKMARK [3][-]{subsubsection.92}{\376\377\000F\000R\000-\0007\000.\0002\000:\000\040\000B\000o\000o\000k\000i\000n\000g\000\040\000S\000u\000m\000m\000a\000r\000i\000e\000s}{subsection.90}% 61
\BOOKMARK [2][-]{subsection.93}{\376\377\000F\000R\000-\0008\000:\000\040\000P\000r\000o\000f\000i\000l\000e\000\040\000M\000a\000n\000a\000g\000e\000m\000e\000n\000t}{section.68}% 62
\BOOKMARK [3][-]{subsubsection.94}{\376\377\000F\000R\000-\0008\000.\0001\000:\000\040\000P\000r\000o\000f\000i\000l\000e\000\040\000C\000R\000U\000D}{subsection.93}% 63
\BOOKMARK [2][-]{subsection.95}{\376\377\000F\000R\000-\0009\000:\000\040\000A\000d\000m\000i\000n\000\040\000\046\000\040\000S\000y\000s\000t\000e\000m\000\040\000N\000o\000t\000i\000f\000i\000c\000a\000t\000i\000o\000n\000s}{section.68}% 64
\BOOKMARK [2][-]{subsection.96}{\376\377\000F\000R\000-\0001\0000\000:\000\040\000D\000i\000s\000p\000u\000t\000e\000\040\000M\000a\000n\000a\000g\000e\000m\000e\000n\000t}{section.68}% 65
\BOOKMARK [2][-]{subsection.97}{\376\377\000F\000R\000-\0001\0001\000:\000\040\000M\000a\000c\000h\000i\000n\000e\000\040\000L\000e\000a\000r\000n\000i\000n\000g\000\040\000R\000e\000c\000o\000m\000m\000e\000n\000d\000a\000t\000i\000o\000n\000\040\000M\000o\000d\000u\000l\000e}{section.68}% 66
\BOOKMARK [2][-]{subsection.98}{\376\377\000F\000R\000-\0001\0002\000:\000\040\000C\000h\000a\000t\000b\000o\000t\000\040\000S\000u\000p\000p\000o\000r\000t}{section.68}% 67
\BOOKMARK [2][-]{subsection.99}{\376\377\000F\000R\000-\0001\0003\000:\000\040\000P\000a\000y\000m\000e\000n\000t\000\040\000S\000y\000s\000t\000e\000m}{section.68}% 68
\BOOKMARK [3][-]{subsubsection.100}{\376\377\000F\000R\000-\0001\0003\000.\0001\000:\000\040\000P\000a\000y\000m\000e\000n\000t\000\040\000M\000e\000t\000h\000o\000d\000s\000\040\000\046\000\040\000V\000a\000l\000i\000d\000a\000t\000i\000o\000n\000\040\000R\000u\000l\000e\000s}{subsection.99}% 69
\BOOKMARK [3][-]{subsubsection.101}{\376\377\000F\000R\000-\0001\0003\000.\0002\000:\000\040\000M\000a\000n\000u\000a\000l\000\040\000P\000a\000y\000m\000e\000n\000t\000\040\000C\000o\000n\000f\000i\000r\000m\000a\000t\000i\000o\000n}{subsection.99}% 70
\BOOKMARK [2][-]{subsection.102}{\376\377\000F\000R\000-\0001\0004\000:\000\040\000S\000a\000f\000e\000t\000y\000\040\000\046\000\040\000V\000e\000r\000i\000f\000i\000c\000a\000t\000i\000o\000n}{section.68}% 71
\BOOKMARK [2][-]{subsection.103}{\376\377\000F\000R\000-\0001\0005\000:\000\040\000S\000c\000a\000l\000a\000b\000i\000l\000i\000t\000y\000\040\000\046\000\040\000M\000o\000d\000u\000l\000a\000r\000\040\000A\000r\000c\000h\000i\000t\000e\000c\000t\000u\000r\000e}{section.68}% 72
\BOOKMARK [2][-]{subsection.104}{\376\377\000F\000R\000-\0001\0006\000:\000\040\000P\000o\000s\000t\000-\000B\000o\000o\000k\000i\000n\000g\000,\000\040\000L\000i\000v\000e\000-\000T\000r\000a\000c\000k\000i\000n\000g\000,\000\040\000P\000i\000c\000k\000u\000p\000\040\000V\000e\000r\000i\000f\000i\000c\000a\000t\000i\000o\000n}{section.68}% 73
\BOOKMARK [3][-]{subsubsection.105}{\376\377\000F\000R\000-\0001\0006\000.\0001\000:\000\040\000P\000o\000s\000t\000-\000b\000o\000o\000k\000i\000n\000g\000\040\000C\000h\000a\000t\000\040\000\050\0001\000:\0001\000\040\000\046\000\040\000B\000r\000o\000a\000d\000c\000a\000s\000t\000\051}{subsection.104}% 74
\BOOKMARK [3][-]{subsubsection.106}{\376\377\000F\000R\000-\0001\0006\000.\0002\000:\000\040\000P\000r\000e\000-\000R\000i\000d\000e\000\040\000R\000e\000m\000i\000n\000d\000e\000r\000\040\000\046\000\040\000L\000o\000c\000a\000t\000i\000o\000n\000\040\000P\000e\000r\000m\000i\000s\000s\000i\000o\000n}{subsection.104}% 75
\BOOKMARK [3][-]{subsubsection.107}{\376\377\000F\000R\000-\0001\0006\000.\0003\000:\000\040\000L\000i\000v\000e\000\040\000M\000a\000p\000\040\000\046\000\040\000S\000O\000S\000\040\000U\000I}{subsection.104}% 76
\BOOKMARK [3][-]{subsubsection.108}{\376\377\000F\000R\000-\0001\0006\000.\0004\000:\000\040\000P\000i\000c\000k\000u\000p\000\040\000C\000o\000d\000e\000\040\000G\000e\000n\000e\000r\000a\000t\000i\000o\000n\000\040\000\046\000\040\000V\000e\000r\000i\000f\000i\000c\000a\000t\000i\000o\000n}{subsection.104}% 77
\BOOKMARK [3][-]{subsubsection.109}{\376\377\000F\000R\000-\0001\0006\000.\0005\000:\000\040\000M\000a\000r\000k\000\040\000a\000s\000\040\000R\000e\000a\000c\000h\000e\000d\000,\000\040\000P\000a\000y\000m\000e\000n\000t\000\040\000\046\000\040\000R\000a\000t\000i\000n\000g\000s}{subsection.104}% 78
\BOOKMARK [3][-]{subsubsection.110}{\376\377\000F\000R\000-\0001\0006\000.\0006\000:\000\040\000R\000i\000d\000e\000\040\000C\000o\000m\000p\000l\000e\000t\000i\000o\000n\000\040\000R\000u\000l\000e\000s\000\040\000\046\000\040\000D\000r\000i\000v\000e\000r\000\040\000C\000o\000n\000s\000t\000r\000a\000i\000n\000t}{subsection.104}% 79
\BOOKMARK [3][-]{subsubsection.111}{\376\377\000F\000R\000-\0001\0006\000.\0007\000:\000\040\000S\000O\000S\000\040\000\046\000\040\000E\000m\000e\000r\000g\000e\000n\000c\000y\000\040\000W\000o\000r\000k\000f\000l\000o\000w\000s}{subsection.104}% 80
\BOOKMARK [3][-]{subsubsection.112}{\376\377\000F\000R\000-\0001\0006\000.\0008\000:\000\040\000E\000s\000c\000a\000l\000a\000t\000i\000o\000n\000\040\000T\000i\000m\000e\000r\000s\000\040\000\046\000\040\000N\000o\000t\000i\000f\000i\000c\000a\000t\000i\000o\000n\000s}{subsection.104}% 81
\BOOKMARK [3][-]{subsubsection.113}{\376\377\000F\000R\000-\0001\0006\000.\0009\000:\000\040\000A\000u\000d\000i\000t\000,\000\040\000L\000o\000g\000g\000i\000n\000g\000\040\000\046\000\040\000A\000n\000t\000i\000-\000F\000r\000a\000u\000d}{subsection.104}% 82
\BOOKMARK [3][-]{subsubsection.114}{\376\377\000F\000R\000-\0001\0006\000.\0001\0000\000:\000\040\000U\000X\000\040\000\046\000\040\000A\000c\000c\000e\000s\000s\000i\000b\000i\000l\000i\000t\000y\000\040\000R\000e\000q\000u\000i\000r\000e\000m\000e\000n\000t\000s}{subsection.104}% 83
\BOOKMARK [1][-]{section.115}{\376\377\000N\000o\000n\000-\000F\000u\000n\000c\000t\000i\000o\000n\000a\000l\000\040\000R\000e\000q\000u\000i\000r\000e\000m\000e\000n\000t\000s}{chapter.37}% 84
\BOOKMARK [2][-]{subsection.116}{\376\377\000P\000e\000r\000f\000o\000r\000m\000a\000n\000c\000e\000\040\000R\000e\000q\000u\000i\000r\000e\000m\000e\000n\000t\000s}{section.115}% 85
\BOOKMARK [2][-]{subsection.117}{\376\377\000S\000e\000c\000u\000r\000i\000t\000y\000\040\000R\000e\000q\000u\000i\000r\000e\000m\000e\000n\000t\000s}{section.115}% 86
\BOOKMARK [2][-]{subsection.118}{\376\377\000R\000e\000l\000i\000a\000b\000i\000l\000i\000t\000y\000\040\000R\000e\000q\000u\000i\000r\000e\000m\000e\000n\000t\000s}{section.115}% 87
\BOOKMARK [2][-]{subsection.119}{\376\377\000U\000s\000a\000b\000i\000l\000i\000t\000y\000\040\000R\000e\000q\000u\000i\000r\000e\000m\000e\000n\000t\000s}{section.115}% 88
\BOOKMARK [2][-]{subsection.120}{\376\377\000S\000c\000a\000l\000a\000b\000i\000l\000i\000t\000y\000\040\000R\000e\000q\000u\000i\000r\000e\000m\000e\000n\000t\000s}{section.115}% 89
\BOOKMARK [2][-]{subsection.121}{\376\377\000M\000a\000i\000n\000t\000a\000i\000n\000a\000b\000i\000l\000i\000t\000y\000\040\000R\000e\000q\000u\000i\000r\000e\000m\000e\000n\000t\000s}{section.115}% 90
\BOOKMARK [1][-]{section.122}{\376\377\000E\000x\000t\000e\000r\000n\000a\000l\000\040\000I\000n\000t\000e\000r\000f\000a\000c\000e\000\040\000R\000e\000q\000u\000i\000r\000e\000m\000e\000n\000t\000s}{chapter.37}% 91
\BOOKMARK [2][-]{subsection.123}{\376\377\000U\000s\000e\000r\000\040\000I\000n\000t\000e\000r\000f\000a\000c\000e\000\040\000R\000e\000q\000u\000i\000r\000e\000m\000e\000n\000t\000s}{section.122}% 92
\BOOKMARK [2][-]{subsection.124}{\376\377\000H\000a\000r\000d\000w\000a\000r\000e\000\040\000I\000n\000t\000e\000r\000f\000a\000c\000e\000\040\000R\000e\000q\000u\000i\000r\000e\000m\000e\000n\000t\000s}{section.122}% 93
\BOOKMARK [2][-]{subsection.125}{\376\377\000S\000o\000f\000t\000w\000a\000r\000e\000\040\000I\000n\000t\000e\000r\000f\000a\000c\000e\000\040\000R\000e\000q\000u\000i\000r\000e\000m\000e\000n\000t\000s}{section.122}% 94
\BOOKMARK [2][-]{subsection.126}{\376\377\000C\000o\000m\000m\000u\000n\000i\000c\000a\000t\000i\000o\000n\000\040\000I\000n\000t\000e\000r\000f\000a\000c\000e\000\040\000R\000e\000q\000u\000i\000r\000e\000m\000e\000n\000t\000s}{section.122}% 95
\BOOKMARK [1][-]{section.127}{\376\377\000A\000s\000s\000u\000m\000p\000t\000i\000o\000n\000s\000\040\000a\000n\000d\000\040\000D\000e\000p\000e\000n\000d\000e\000n\000c\000i\000e\000s}{chapter.37}% 96
\BOOKMARK [1][-]{section.128}{\376\377\000R\000e\000q\000u\000i\000r\000e\000m\000e\000n\000t\000\040\000T\000r\000a\000c\000e\000a\000b\000i\000l\000i\000t\000y\000\040\000M\000a\000t\000r\000i\000x}{chapter.37}% 97
\BOOKMARK [0][-]{chapter.129}{\376\377\000S\000o\000f\000t\000w\000a\000r\000e\000\040\000D\000e\000s\000i\000g\000n}{}% 98
\BOOKMARK [1][-]{section.130}{\376\377\000I\000n\000t\000r\000o\000d\000u\000c\000t\000i\000o\000n\000\040\000t\000o\000\040\000S\000o\000f\000t\000w\000a\000r\000e\000\040\000D\000e\000s\000i\000g\000n}{chapter.129}% 99
\BOOKMARK [1][-]{section.131}{\376\377\000D\000e\000s\000i\000g\000n\000\040\000M\000e\000t\000h\000o\000d\000o\000l\000o\000g\000y\000\040\000a\000n\000d\000\040\000S\000o\000f\000t\000w\000a\000r\000e\000\040\000P\000r\000o\000c\000e\000s\000s\000\040\000M\000o\000d\000e\000l}{chapter.129}% 100
\BOOKMARK [2][-]{subsection.132}{\376\377\000D\000e\000s\000i\000g\000n\000\040\000M\000e\000t\000h\000o\000d\000o\000l\000o\000g\000y}{section.131}% 101
\BOOKMARK [3][-]{subsubsection.133}{\376\377\000R\000e\000a\000s\000o\000n\000s\000\040\000b\000e\000h\000i\000n\000d\000\040\000t\000h\000e\000\040\000u\000s\000e\000\040\000o\000f\000\040\000O\000b\000j\000e\000c\000t\000-\000O\000r\000i\000e\000n\000t\000e\000d\000\040\000D\000e\000s\000i\000g\000n\000\040\000\050\000O\000O\000D\000\051}{subsection.132}% 102
\BOOKMARK [2][-]{subsection.134}{\376\377\000S\000o\000f\000t\000w\000a\000r\000e\000\040\000P\000r\000o\000c\000e\000s\000s\000\040\000M\000o\000d\000e\000l}{section.131}% 103
\BOOKMARK [3][-]{subsubsection.135}{\376\377\000J\000u\000s\000t\000i\000f\000i\000c\000a\000t\000i\000o\000n\000\040\000f\000o\000r\000\040\000U\000s\000i\000n\000g\000\040\000A\000g\000i\000l\000e\000/\000S\000c\000r\000u\000m}{subsection.134}% 104
\BOOKMARK [1][-]{section.136}{\376\377\000S\000y\000s\000t\000e\000m\000\040\000O\000v\000e\000r\000v\000i\000e\000w}{chapter.129}% 105
\BOOKMARK [2][-]{subsection.137}{\376\377\000E\000x\000t\000e\000r\000n\000a\000l\000\040\000A\000c\000t\000o\000r\000s}{section.136}% 106
\BOOKMARK [2][-]{subsection.138}{\376\377\000E\000x\000t\000e\000r\000n\000a\000l\000\040\000S\000e\000r\000v\000i\000c\000e\000s}{section.136}% 107
\BOOKMARK [2][-]{subsection.139}{\376\377\000B\000a\000c\000k\000e\000n\000d\000\040\000\050\000D\000j\000a\000n\000g\000o\000\040\000M\000V\000C\000\040\000+\000\040\000J\000S\000O\000N\000\040\000A\000P\000I\000s\000\051}{section.136}% 108
\BOOKMARK [2][-]{subsection.140}{\376\377\000D\000a\000t\000a\000b\000a\000s\000e\000\040\000\050\000P\000o\000s\000t\000g\000r\000e\000S\000Q\000L\000\051}{section.136}% 109
\BOOKMARK [2][-]{subsection.141}{\376\377\000C\000o\000n\000t\000e\000x\000t\000\040\000D\000i\000a\000g\000r\000a\000m}{section.136}% 110
\BOOKMARK [1][-]{section.144}{\376\377\000A\000r\000c\000h\000i\000t\000e\000c\000t\000u\000r\000a\000l\000\040\000D\000e\000s\000i\000g\000n}{chapter.129}% 111
\BOOKMARK [2][-]{subsection.145}{\376\377\000A\000r\000c\000h\000i\000t\000e\000c\000t\000u\000r\000e\000\040\000S\000t\000y\000l\000e\000\040\000\050\000M\000V\000C\000\040\000+\000\040\000M\000u\000l\000t\000i\000-\000t\000i\000e\000r\000\051}{section.144}% 112
\BOOKMARK [3][-]{subsubsection.146}{\376\377\000M\000V\000C\000\040\000A\000r\000c\000h\000i\000t\000e\000c\000t\000u\000r\000e\000\040\000\050\000w\000i\000t\000h\000i\000n\000\040\000D\000j\000a\000n\000g\000o\000\040\000b\000a\000c\000k\000e\000n\000d\000\040\000s\000e\000r\000v\000e\000r\000s\000\051}{subsection.145}% 113
\BOOKMARK [2][-]{subsection.149}{\376\377\000H\000i\000g\000h\000-\000L\000e\000v\000e\000l\000\040\000S\000y\000s\000t\000e\000m\000\040\000C\000o\000m\000p\000o\000n\000e\000n\000t\000s}{section.144}% 114
\BOOKMARK [2][-]{subsection.150}{\376\377\000M\000u\000l\000t\000i\000-\000T\000i\000e\000r\000\040\000D\000e\000p\000l\000o\000y\000m\000e\000n\000t\000\040\000A\000r\000c\000h\000i\000t\000e\000c\000t\000u\000r\000e}{section.144}% 115
\BOOKMARK [3][-]{subsubsection.151}{\376\377\000T\000i\000e\000r\000\040\0001\000\040\000-\000\040\000C\000l\000i\000e\000n\000t\000\040\000L\000a\000y\000e\000r}{subsection.150}% 116
\BOOKMARK [3][-]{subsubsection.152}{\376\377\000T\000i\000e\000r\000\040\0002\000\040\000-\000\040\000A\000p\000p\000l\000i\000c\000a\000t\000i\000o\000n\000\040\000L\000a\000y\000e\000r}{subsection.150}% 117
\BOOKMARK [3][-]{subsubsection.153}{\376\377\000T\000i\000e\000r\000\040\0003\000\040\000-\000\040\000E\000x\000t\000e\000r\000n\000a\000l\000\040\000S\000e\000r\000v\000i\000c\000e\000s\000\040\000L\000a\000y\000e\000r}{subsection.150}% 118
\BOOKMARK [3][-]{subsubsection.154}{\376\377\000T\000i\000e\000r\000\040\0004\000\040\000-\000\040\000D\000a\000t\000a\000\040\000L\000a\000y\000e\000r}{subsection.150}% 119
\BOOKMARK [2][-]{subsection.155}{\376\377\000E\000x\000t\000e\000r\000n\000a\000l\000\040\000S\000e\000r\000v\000i\000c\000e\000s\000\040\000I\000n\000t\000e\000g\000r\000a\000t\000i\000o\000n}{section.144}% 120
\BOOKMARK [3][-]{subsubsection.156}{\376\377\000M\000a\000p\000\040\000S\000e\000r\000v\000i\000c\000e}{subsection.155}% 121
\BOOKMARK [3][-]{subsubsection.157}{\376\377\000N\000o\000t\000i\000f\000i\000c\000a\000t\000i\000o\000n\000\040\000S\000e\000r\000v\000i\000c\000e}{subsection.155}% 122
\BOOKMARK [3][-]{subsubsection.158}{\376\377\000M\000L\000\040\000R\000e\000c\000o\000m\000m\000e\000n\000d\000a\000t\000i\000o\000n\000\040\000S\000e\000r\000v\000i\000c\000e}{subsection.155}% 123
\BOOKMARK [3][-]{subsubsection.159}{\376\377\000C\000h\000a\000t\000b\000o\000t\000\040\000S\000e\000r\000v\000i\000c\000e}{subsection.155}% 124
\BOOKMARK [3][-]{subsubsection.160}{\376\377\000S\000t\000o\000r\000a\000g\000e\000\040\000S\000e\000r\000v\000i\000c\000e}{subsection.155}% 125
\BOOKMARK [2][-]{subsection.161}{\376\377\000A\000r\000c\000h\000i\000t\000e\000c\000t\000u\000r\000e\000\040\000D\000i\000a\000g\000r\000a\000m}{section.144}% 126
\BOOKMARK [1][-]{section.164}{\376\377\000D\000e\000s\000i\000g\000n\000\040\000M\000o\000d\000e\000l\000s}{chapter.129}% 127
\BOOKMARK [2][-]{subsection.165}{\376\377\000A\000c\000t\000i\000v\000i\000t\000y\000\040\000D\000i\000a\000g\000r\000a\000m\000s}{section.164}% 128
\BOOKMARK [3][-]{subsubsection.166}{\376\377\000A\000u\000t\000h\000e\000n\000t\000i\000c\000a\000t\000i\000o\000n\000\040\000\046\000\040\000O\000n\000b\000o\000a\000r\000d\000i\000n\000g\000\040\000\050\000R\000e\000g\000i\000s\000t\000e\000r\000,\000\040\000O\000T\000P\000,\000\040\000A\000d\000m\000i\000n\000\040\000v\000e\000r\000i\000f\000y\000\051}{subsection.165}% 129
\BOOKMARK [3][-]{subsubsection.169}{\376\377\000D\000o\000c\000u\000m\000e\000n\000t\000\040\000M\000a\000n\000a\000g\000e\000m\000e\000n\000t\000\040\000\050\000u\000p\000l\000o\000a\000d\000s\000\040\000\046\000\040\000v\000e\000r\000i\000f\000i\000c\000a\000t\000i\000o\000n\000\051}{subsection.165}% 130
\BOOKMARK [3][-]{subsubsection.172}{\376\377\000V\000e\000h\000i\000c\000l\000e\000\040\000M\000a\000n\000a\000g\000e\000m\000e\000n\000t\000\040\000\050\000a\000d\000d\000/\000e\000d\000i\000t\000/\000d\000e\000l\000e\000t\000e\000\040\000v\000e\000h\000i\000c\000l\000e\000s\000\051}{subsection.165}% 131
\BOOKMARK [3][-]{subsubsection.175}{\376\377\000R\000i\000d\000e\000\040\000M\000a\000n\000a\000g\000e\000m\000e\000n\000t\000\040\000\050\000c\000r\000e\000a\000t\000e\000/\000e\000d\000i\000t\000/\000c\000a\000n\000c\000e\000l\000,\000\040\000r\000o\000u\000t\000e\000\040\000\046\000\040\000s\000t\000o\000p\000s\000\051}{subsection.165}% 132
\BOOKMARK [3][-]{subsubsection.178}{\376\377\000M\000a\000r\000k\000e\000t\000p\000l\000a\000c\000e\000\040\000/\000\040\000B\000r\000o\000w\000s\000e\000\040\000\046\000\040\000S\000e\000a\000r\000c\000h\000\040\000/\000\040\000R\000i\000d\000e\000\040\000D\000e\000t\000a\000i\000l\000s}{subsection.165}% 133
\BOOKMARK [3][-]{subsubsection.181}{\376\377\000B\000o\000o\000k\000i\000n\000g\000\040\000\046\000\040\000S\000e\000a\000t\000\040\000M\000a\000n\000a\000g\000e\000m\000e\000n\000t\000\040\000\050\000s\000e\000l\000e\000c\000t\000\040\000s\000e\000a\000t\000s\000,\000\040\000l\000o\000c\000k\000\040\000s\000e\000a\000t\000s\000\051}{subsection.165}% 134
\BOOKMARK [3][-]{subsubsection.184}{\376\377\000P\000o\000s\000t\000-\000B\000o\000o\000k\000i\000n\000g\000\040\000C\000h\000a\000t\000\040\000/\000\040\000M\000e\000s\000s\000a\000g\000i\000n\000g\000\040\000\046\000\040\000B\000r\000o\000a\000d\000c\000a\000s\000t}{subsection.165}% 135
\BOOKMARK [3][-]{subsubsection.187}{\376\377\000S\000c\000h\000e\000d\000u\000l\000e\000r\000\040\000/\000\040\000P\000r\000e\000-\000R\000i\000d\000e\000\040\000R\000e\000m\000i\000n\000d\000e\000r\000s\000\040\000\046\000\040\000P\000e\000r\000m\000i\000s\000s\000i\000o\000n\000\040\000P\000r\000o\000m\000p\000t}{subsection.165}% 136
\BOOKMARK [3][-]{subsubsection.190}{\376\377\000L\000i\000v\000e\000\040\000T\000r\000a\000c\000k\000i\000n\000g\000\040\000\046\000\040\000P\000i\000c\000k\000u\000p\000\040\000C\000o\000d\000e\000\040\000\050\000S\000t\000a\000r\000t\000\040\000R\000i\000d\000e\000\040\000/\000\040\000g\000e\000o\000f\000e\000n\000c\000e\000\051}{subsection.165}% 137
\BOOKMARK [3][-]{subsubsection.193}{\376\377\000P\000a\000y\000m\000e\000n\000t\000\040\000\046\000\040\000M\000a\000n\000u\000a\000l\000\040\000P\000a\000y\000m\000e\000n\000t\000\040\000C\000o\000n\000f\000i\000r\000m\000a\000t\000i\000o\000n\000\040\000\050\000c\000a\000s\000h\000\040\000/\000\040\000Q\000R\000\040\000/\000\040\000b\000a\000n\000k\000\040\000t\000r\000a\000n\000s\000f\000e\000r\000\051}{subsection.165}% 138
\BOOKMARK [3][-]{subsubsection.196}{\376\377\000R\000a\000t\000i\000n\000g\000s\000\040\000\046\000\040\000C\000o\000m\000p\000l\000e\000t\000i\000o\000n\000\040\000W\000o\000r\000k\000f\000l\000o\000w\000\040\000\050\000m\000a\000r\000k\000\040\000r\000e\000a\000c\000h\000e\000d\000,\000\040\000c\000o\000m\000p\000l\000e\000t\000e\000,\000\040\000r\000a\000t\000i\000n\000g\000\051}{subsection.165}% 139
\BOOKMARK [3][-]{subsubsection.199}{\376\377\000S\000O\000S\000\040\000/\000\040\000E\000m\000e\000r\000g\000e\000n\000c\000y\000\040\000\046\000\040\000I\000n\000c\000i\000d\000e\000n\000t\000\040\000M\000a\000n\000a\000g\000e\000m\000e\000n\000t}{subsection.165}% 140
\BOOKMARK [3][-]{subsubsection.202}{\376\377\000D\000i\000s\000p\000u\000t\000e\000\040\000M\000a\000n\000a\000g\000e\000m\000e\000n\000t\000\040\000\046\000\040\000A\000d\000m\000i\000n\000\040\000D\000a\000s\000h\000b\000o\000a\000r\000d\000\040\000\050\000v\000i\000e\000w\000\040\000\046\000\040\000r\000e\000s\000o\000l\000v\000e\000\040\000d\000i\000s\000p\000u\000t\000e\000s\000\051}{subsection.165}% 141
\BOOKMARK [2][-]{subsection.205}{\376\377\000C\000l\000a\000s\000s\000\040\000D\000i\000a\000g\000r\000a\000m}{section.164}% 142
\BOOKMARK [3][-]{subsubsection.208}{\376\377\000K\000e\000y\000\040\000C\000l\000a\000s\000s\000e\000s\000\040\000a\000n\000d\000\040\000R\000e\000s\000p\000o\000n\000s\000i\000b\000i\000l\000i\000t\000i\000e\000s}{subsection.205}% 143
\BOOKMARK [3][-]{subsubsection.209}{\376\377\000R\000e\000l\000a\000t\000i\000o\000n\000s\000h\000i\000p\000s}{subsection.205}% 144
\BOOKMARK [2][-]{subsection.210}{\376\377\000S\000e\000q\000u\000e\000n\000c\000e\000\040\000D\000i\000a\000g\000r\000a\000m\000s}{section.164}% 145
\BOOKMARK [3][-]{subsubsection.211}{\376\377\000S\000e\000q\000u\000e\000n\000c\000e\000\040\000D\000i\000a\000g\000r\000a\000m\000\040\040\023\000\040\000A\000u\000t\000h\000e\000n\000t\000i\000c\000a\000t\000i\000o\000n\000\040\000\050\000L\000o\000g\000i\000n\000/\000S\000i\000g\000n\000u\000p\000\051}{subsection.210}% 146
\BOOKMARK [3][-]{subsubsection.214}{\376\377\000S\000e\000q\000u\000e\000n\000c\000e\000\040\000D\000i\000a\000g\000r\000a\000m\000\040\040\023\000\040\000R\000i\000d\000e\000\040\000P\000o\000s\000t\000i\000n\000g}{subsection.210}% 147
\BOOKMARK [3][-]{subsubsection.217}{\376\377\000S\000e\000q\000u\000e\000n\000c\000e\000\040\000D\000i\000a\000g\000r\000a\000m\000\040\040\023\000\040\000B\000o\000o\000k\000i\000n\000g\000\040\000+\000\040\000D\000r\000i\000v\000e\000r\000\040\000A\000c\000c\000e\000p\000t\000a\000n\000c\000e}{subsection.210}% 148
\BOOKMARK [3][-]{subsubsection.220}{\376\377\000S\000e\000q\000u\000e\000n\000c\000e\000\040\000D\000i\000a\000g\000r\000a\000m\000\040\040\023\000\040\000L\000i\000v\000e\000\040\000T\000r\000a\000c\000k\000i\000n\000g\000\040\000+\000\040\000R\000i\000d\000e\000\040\000C\000o\000m\000p\000l\000e\000t\000i\000o\000n\000\040\000+\000\040\000P\000a\000y\000m\000e\000n\000t}{subsection.210}% 149
\BOOKMARK [2][-]{subsection.223}{\376\377\000S\000t\000a\000t\000e\000\040\000T\000r\000a\000n\000s\000i\000t\000i\000o\000n\000\040\000D\000i\000a\000g\000r\000a\000m\000s}{section.164}% 150
\BOOKMARK [3][-]{subsubsection.224}{\376\377\000S\000t\000a\000t\000e\000\040\000T\000r\000a\000n\000s\000i\000t\000i\000o\000n\000\040\000D\000i\000a\000g\000r\000a\000m\000\040\040\023\000\040\000R\000i\000d\000e\000\040\000R\000e\000q\000u\000e\000s\000t\000\040\000a\000n\000d\000\040\000B\000o\000o\000k\000i\000n\000g}{subsection.223}% 151
\BOOKMARK [3][-]{subsubsection.227}{\376\377\000S\000t\000a\000t\000e\000\040\000T\000r\000a\000n\000s\000i\000t\000i\000o\000n\000\040\000D\000i\000a\000g\000r\000a\000m\000\040\040\023\000\040\000D\000r\000i\000v\000e\000r\000\040\000S\000t\000a\000t\000e\000s}{subsection.223}% 152
\BOOKMARK [3][-]{subsubsection.230}{\376\377\000S\000t\000a\000t\000e\000\040\000T\000r\000a\000n\000s\000i\000t\000i\000o\000n\000\040\000D\000i\000a\000g\000r\000a\000m\000\040\040\023\000\040\000P\000a\000s\000s\000e\000n\000g\000e\000r\000\040\000S\000t\000a\000t\000e\000s}{subsection.223}% 153
\BOOKMARK [3][-]{subsubsection.233}{\376\377\000S\000t\000a\000t\000e\000\040\000T\000r\000a\000n\000s\000i\000t\000i\000o\000n\000\040\000D\000i\000a\000g\000r\000a\000m\000\040\040\023\000\040\000S\000O\000S\000\040\000S\000t\000a\000t\000e\000s}{subsection.223}% 154
\BOOKMARK [3][-]{subsubsection.236}{\376\377\000C\000o\000m\000p\000l\000a\000i\000n\000t\000\040\000a\000n\000d\000\040\000D\000i\000s\000p\000u\000t\000e\000\040\000S\000t\000a\000t\000e\000s\000\040\000M\000a\000c\000h\000i\000n\000e}{subsection.223}% 155
\BOOKMARK [1][-]{section.239}{\376\377\000D\000a\000t\000a\000\040\000F\000l\000o\000w\000\040\000D\000i\000a\000g\000r\000a\000m\000s}{chapter.129}% 156
\BOOKMARK [2][-]{subsection.240}{\376\377\000L\000e\000v\000e\000l\000\040\0001\000\040\000D\000a\000t\000a\000\040\000F\000l\000o\000w\000\040\000D\000i\000a\000g\000r\000a\000m\000s}{section.239}% 157
\BOOKMARK [3][-]{subsubsection.241}{\376\377\000A\000u\000t\000h\000e\000n\000t\000i\000c\000a\000t\000i\000o\000n\000\040\000\046\000\040\000O\000n\000b\000o\000a\000r\000d\000i\000n\000g\000\040\000\050\000R\000e\000g\000i\000s\000t\000e\000r\000,\000\040\000O\000T\000P\000,\000\040\000A\000d\000m\000i\000n\000\040\000v\000e\000r\000i\000f\000y\000\051}{subsection.240}% 158
\BOOKMARK [3][-]{subsubsection.244}{\376\377\000D\000o\000c\000u\000m\000e\000n\000t\000\040\000M\000a\000n\000a\000g\000e\000m\000e\000n\000t\000\040\000\050\000u\000p\000l\000o\000a\000d\000s\000\040\000\046\000\040\000v\000e\000r\000i\000f\000i\000c\000a\000t\000i\000o\000n\000\051}{subsection.240}% 159
\BOOKMARK [3][-]{subsubsection.247}{\376\377\000V\000e\000h\000i\000c\000l\000e\000\040\000M\000a\000n\000a\000g\000e\000m\000e\000n\000t\000\040\000\050\000a\000d\000d\000/\000e\000d\000i\000t\000/\000d\000e\000l\000e\000t\000e\000\040\000v\000e\000h\000i\000c\000l\000e\000s\000\051}{subsection.240}% 160
\BOOKMARK [3][-]{subsubsection.250}{\376\377\000R\000i\000d\000e\000\040\000M\000a\000n\000a\000g\000e\000m\000e\000n\000t\000\040\000\050\000c\000r\000e\000a\000t\000e\000/\000e\000d\000i\000t\000/\000c\000a\000n\000c\000e\000l\000,\000\040\000r\000o\000u\000t\000e\000\040\000\046\000\040\000s\000t\000o\000p\000s\000\051}{subsection.240}% 161
\BOOKMARK [3][-]{subsubsection.253}{\376\377\000M\000a\000r\000k\000e\000t\000p\000l\000a\000c\000e\000\040\000/\000\040\000B\000r\000o\000w\000s\000e\000\040\000\046\000\040\000S\000e\000a\000r\000c\000h\000\040\000/\000\040\000R\000i\000d\000e\000\040\000D\000e\000t\000a\000i\000l\000s}{subsection.240}% 162
\BOOKMARK [3][-]{subsubsection.256}{\376\377\000B\000o\000o\000k\000i\000n\000g\000\040\000\046\000\040\000S\000e\000a\000t\000\040\000M\000a\000n\000a\000g\000e\000m\000e\000n\000t\000\040\000\050\000s\000e\000l\000e\000c\000t\000\040\000s\000e\000a\000t\000s\000,\000\040\000l\000o\000c\000k\000\040\000s\000e\000a\000t\000s\000\051}{subsection.240}% 163
\BOOKMARK [3][-]{subsubsection.259}{\376\377\000P\000o\000s\000t\000-\000B\000o\000o\000k\000i\000n\000g\000\040\000C\000h\000a\000t\000\040\000/\000\040\000M\000e\000s\000s\000a\000g\000i\000n\000g\000\040\000\046\000\040\000B\000r\000o\000a\000d\000c\000a\000s\000t}{subsection.240}% 164
\BOOKMARK [3][-]{subsubsection.262}{\376\377\000S\000c\000h\000e\000d\000u\000l\000e\000r\000\040\000/\000\040\000P\000r\000e\000-\000R\000i\000d\000e\000\040\000R\000e\000m\000i\000n\000d\000e\000r\000s\000\040\000\046\000\040\000P\000e\000r\000m\000i\000s\000s\000i\000o\000n\000\040\000P\000r\000o\000m\000p\000t}{subsection.240}% 165
\BOOKMARK [3][-]{subsubsection.265}{\376\377\000L\000i\000v\000e\000\040\000T\000r\000a\000c\000k\000i\000n\000g\000\040\000\046\000\040\000P\000i\000c\000k\000u\000p\000\040\000C\000o\000d\000e\000\040\000\050\000S\000t\000a\000r\000t\000\040\000R\000i\000d\000e\000\040\000/\000\040\000g\000e\000o\000f\000e\000n\000c\000e\000\051}{subsection.240}% 166
\BOOKMARK [3][-]{subsubsection.268}{\376\377\000P\000a\000y\000m\000e\000n\000t\000\040\000\046\000\040\000M\000a\000n\000u\000a\000l\000\040\000P\000a\000y\000m\000e\000n\000t\000\040\000C\000o\000n\000f\000i\000r\000m\000a\000t\000i\000o\000n}{subsection.240}% 167
\BOOKMARK [3][-]{subsubsection.271}{\376\377\000R\000a\000t\000i\000n\000g\000s\000\040\000\046\000\040\000C\000o\000m\000p\000l\000e\000t\000i\000o\000n\000\040\000W\000o\000r\000k\000f\000l\000o\000w}{subsection.240}% 168
\BOOKMARK [3][-]{subsubsection.274}{\376\377\000S\000O\000S\000\040\000/\000\040\000E\000m\000e\000r\000g\000e\000n\000c\000y\000\040\000\046\000\040\000I\000n\000c\000i\000d\000e\000n\000t\000\040\000M\000a\000n\000a\000g\000e\000m\000e\000n\000t}{subsection.240}% 169
\BOOKMARK [3][-]{subsubsection.277}{\376\377\000D\000i\000s\000p\000u\000t\000e\000\040\000M\000a\000n\000a\000g\000e\000m\000e\000n\000t\000\040\000\046\000\040\000A\000d\000m\000i\000n\000\040\000D\000a\000s\000h\000b\000o\000a\000r\000d}{subsection.240}% 170
\BOOKMARK [3][-]{subsubsection.280}{\376\377\000N\000o\000t\000i\000f\000i\000c\000a\000t\000i\000o\000n\000\040\000S\000e\000r\000v\000i\000c\000e}{subsection.240}% 171
\BOOKMARK [3][-]{subsubsection.283}{\376\377\000R\000e\000c\000o\000m\000m\000e\000n\000d\000a\000t\000i\000o\000n\000\040\000\050\000M\000L\000\051\000\040\000S\000e\000r\000v\000i\000c\000e}{subsection.240}% 172
\BOOKMARK [3][-]{subsubsection.286}{\376\377\000S\000m\000a\000r\000t\000\040\000C\000h\000a\000t\000b\000o\000t\000\040\000S\000u\000p\000p\000o\000r\000t}{subsection.240}% 173
\BOOKMARK [3][-]{subsubsection.289}{\376\377\000A\000u\000d\000i\000t\000\040\000/\000\040\000L\000o\000g\000g\000i\000n\000g\000\040\000/\000\040\000A\000n\000a\000l\000y\000t\000i\000c\000s}{subsection.240}% 174
\BOOKMARK [1][-]{section.292}{\376\377\000D\000a\000t\000a\000\040\000D\000e\000s\000i\000g\000n}{chapter.129}% 175
\BOOKMARK [2][-]{subsection.293}{\376\377\000E\000n\000t\000i\000t\000y\000\040\000R\000e\000l\000a\000t\000i\000o\000n\000s\000h\000i\000p\000\040\000D\000i\000a\000g\000r\000a\000m\000\040\000\050\000E\000R\000D\000\051}{section.292}% 176
\BOOKMARK [2][-]{subsection.296}{\376\377\000D\000a\000t\000a\000b\000a\000s\000e\000\040\000A\000r\000c\000h\000i\000t\000e\000c\000t\000u\000r\000e}{section.292}% 177
\BOOKMARK [1][-]{section.297}{\376\377\000D\000a\000t\000a\000b\000a\000s\000e\000\040\000S\000c\000h\000e\000m\000a\000\040\000D\000i\000a\000g\000r\000a\000m}{chapter.129}% 178
\BOOKMARK [2][-]{subsection.300}{\376\377\000D\000a\000t\000a\000\040\000D\000i\000c\000t\000i\000o\000n\000a\000r\000y}{section.297}% 179
\BOOKMARK [1][-]{section.327}{\376\377\000D\000a\000t\000a\000b\000a\000s\000e\000\040\000T\000a\000b\000l\000e\000s\000\040\000/\000\040\000C\000o\000l\000l\000e\000c\000t\000i\000o\000n\000s}{chapter.129}% 180
\BOOKMARK [2][-]{subsection.328}{\376\377\000U\000s\000e\000r\000\040\000C\000o\000l\000l\000e\000c\000t\000i\000o\000n\000\040\000/\000\040\000T\000a\000b\000l\000e}{section.327}% 181
\BOOKMARK [2][-]{subsection.331}{\376\377\000C\000o\000r\000e\000\040\000D\000a\000t\000a\000\040\000C\000o\000l\000l\000e\000c\000t\000i\000o\000n}{section.327}% 182
\BOOKMARK [3][-]{subsubsection.332}{\376\377\000P\000a\000s\000s\000e\000n\000g\000e\000r\000\040\000D\000a\000t\000a\000\040\000\050\000U\000s\000e\000r\000s\000D\000a\000t\000a\000\051}{subsection.331}% 183
\BOOKMARK [3][-]{subsubsection.335}{\376\377\000D\000r\000i\000v\000e\000r\000\040\000D\000a\000t\000a\000\040\000\050\000U\000s\000e\000r\000s\000D\000a\000t\000a\000\051}{subsection.331}% 184
\BOOKMARK [3][-]{subsubsection.338}{\376\377\000V\000e\000h\000i\000c\000l\000e\000\040\000T\000a\000b\000l\000e}{subsection.331}% 185
\BOOKMARK [3][-]{subsubsection.341}{\376\377\000R\000o\000u\000t\000e\000\040\000T\000a\000b\000l\000e}{subsection.331}% 186
\BOOKMARK [3][-]{subsubsection.344}{\376\377\000B\000o\000o\000k\000i\000n\000g\000\040\000T\000a\000b\000l\000e}{subsection.331}% 187
\BOOKMARK [3][-]{subsubsection.347}{\376\377\000T\000r\000i\000p\000\040\000T\000a\000b\000l\000e}{subsection.331}% 188
\BOOKMARK [3][-]{subsubsection.350}{\376\377\000T\000r\000i\000p\000P\000a\000y\000m\000e\000n\000t\000\040\000T\000a\000b\000l\000e}{subsection.331}% 189
\BOOKMARK [3][-]{subsubsection.353}{\376\377\000S\000o\000s\000I\000n\000c\000i\000d\000e\000n\000t\000\040\000T\000a\000b\000l\000e}{subsection.331}% 190
\BOOKMARK [3][-]{subsubsection.356}{\376\377\000E\000m\000e\000r\000g\000e\000n\000c\000y\000C\000o\000n\000t\000a\000c\000t\000\040\000T\000a\000b\000l\000e}{subsection.331}% 191
\BOOKMARK [3][-]{subsubsection.359}{\376\377\000C\000h\000a\000t\000M\000e\000s\000s\000a\000g\000e\000\040\000T\000a\000b\000l\000e}{subsection.331}% 192
\BOOKMARK [2][-]{subsection.362}{\376\377\000R\000e\000l\000a\000t\000i\000o\000n\000s\000h\000i\000p\000s\000\040\000B\000e\000t\000w\000e\000e\000n\000\040\000T\000a\000b\000l\000e\000s}{section.327}% 193
\BOOKMARK [2][-]{subsection.363}{\376\377\000S\000e\000c\000u\000r\000i\000t\000y\000\040\000a\000n\000d\000\040\000D\000a\000t\000a\000\040\000I\000n\000t\000e\000g\000r\000i\000t\000y}{section.327}% 194
\BOOKMARK [2][-]{subsection.364}{\376\377\000S\000c\000a\000l\000a\000b\000i\000l\000i\000t\000y\000\040\000C\000o\000n\000s\000i\000d\000e\000r\000a\000t\000i\000o\000n\000s}{section.327}% 195
\BOOKMARK [1][-]{section.365}{\376\377\000C\000h\000a\000p\000t\000e\000r\000\040\000S\000u\000m\000m\000a\000r\000y}{chapter.129}% 196
\BOOKMARK [0][-]{chapter.366}{\376\377\000I\000m\000p\000l\000e\000m\000e\000n\000t\000a\000t\000i\000o\000n}{}% 197
\BOOKMARK [1][-]{section.367}{\376\377\000D\000e\000v\000e\000l\000o\000p\000m\000e\000n\000t\000\040\000E\000n\000v\000i\000r\000o\000n\000m\000e\000n\000t}{chapter.366}% 198
\BOOKMARK [1][-]{section.368}{\376\377\000C\000o\000r\000e\000\040\000M\000o\000d\000u\000l\000e\000\040\000I\000m\000p\000l\000e\000m\000e\000n\000t\000a\000t\000i\000o\000n}{chapter.366}% 199
\BOOKMARK [2][-]{subsection.369}{\376\377\000M\000o\000d\000u\000l\000e\000\040\0001\000:\000\040\000A\000u\000t\000h\000e\000n\000t\000i\000c\000a\000t\000i\000o\000n\000\040\000\046\000\040\000V\000e\000r\000i\000f\000i\000c\000a\000t\000i\000o\000n\000\040\000M\000o\000d\000u\000l\000e}{section.368}% 200
\BOOKMARK [2][-]{subsection.370}{\376\377\000M\000o\000d\000u\000l\000e\000\040\0002\000:\000\040\000R\000i\000d\000e\000\040\000M\000a\000n\000a\000g\000e\000m\000e\000n\000t\000\040\000M\000o\000d\000u\000l\000e}{section.368}% 201
\BOOKMARK [2][-]{subsection.371}{\376\377\000M\000o\000d\000u\000l\000e\000\040\0003\000:\000\040\000B\000o\000o\000k\000i\000n\000g\000\040\000\046\000\040\000P\000a\000y\000m\000e\000n\000t\000\040\000M\000o\000d\000u\000l\000e}{section.368}% 202
\BOOKMARK [2][-]{subsection.372}{\376\377\000M\000o\000d\000u\000l\000e\000\040\0004\000:\000\040\000L\000i\000v\000e\000\040\000T\000r\000a\000c\000k\000i\000n\000g\000\040\000\046\000\040\000S\000a\000f\000e\000t\000y\000\040\000M\000o\000d\000u\000l\000e}{section.368}% 203
\BOOKMARK [2][-]{subsection.373}{\376\377\000M\000o\000d\000u\000l\000e\000\040\0005\000:\000\040\000A\000d\000m\000i\000n\000\040\000P\000o\000r\000t\000a\000l\000\040\000M\000o\000d\000u\000l\000e}{section.368}% 204
\BOOKMARK [1][-]{section.374}{\376\377\000A\000l\000g\000o\000r\000i\000t\000h\000m\000i\000c\000\040\000I\000m\000p\000l\000e\000m\000e\000n\000t\000a\000t\000i\000o\000n}{chapter.366}% 205
\BOOKMARK [2][-]{subsection.375}{\376\377\000A\000l\000g\000o\000r\000i\000t\000h\000m\000\040\0001\000:\000\040\000U\000s\000e\000r\000\040\000R\000e\000g\000i\000s\000t\000r\000a\000t\000i\000o\000n\000\040\000\046\000\040\000V\000e\000r\000i\000f\000i\000c\000a\000t\000i\000o\000n}{section.374}% 206
\BOOKMARK [2][-]{subsection.377}{\376\377\000A\000l\000g\000o\000r\000i\000t\000h\000m\000\040\0002\000:\000\040\000R\000i\000d\000e\000\040\000C\000r\000e\000a\000t\000i\000o\000n\000\040\000\046\000\040\000F\000a\000r\000e\000\040\000C\000a\000l\000c\000u\000l\000a\000t\000i\000o\000n}{section.374}% 207
\BOOKMARK [2][-]{subsection.379}{\376\377\000A\000l\000g\000o\000r\000i\000t\000h\000m\000\040\0003\000:\000\040\000R\000i\000d\000e\000\040\000B\000o\000o\000k\000i\000n\000g\000\040\000\046\000\040\000S\000e\000a\000t\000\040\000L\000o\000c\000k\000i\000n\000g}{section.374}% 208
\BOOKMARK [2][-]{subsection.381}{\376\377\000A\000l\000g\000o\000r\000i\000t\000h\000m\000\040\0004\000:\000\040\000L\000i\000v\000e\000\040\000T\000r\000a\000c\000k\000i\000n\000g\000\040\000\046\000\040\000P\000i\000c\000k\000u\000p\000\040\000C\000o\000d\000e\000\040\000V\000e\000r\000i\000f\000i\000c\000a\000t\000i\000o\000n}{section.374}% 209
\BOOKMARK [2][-]{subsection.383}{\376\377\000A\000l\000g\000o\000r\000i\000t\000h\000m\000\040\0005\000:\000\040\000S\000O\000S\000\040\000E\000s\000c\000a\000l\000a\000t\000i\000o\000n\000\040\000L\000o\000g\000i\000c}{section.374}% 210
\BOOKMARK [2][-]{subsection.385}{\376\377\000A\000l\000g\000o\000r\000i\000t\000h\000m\000\040\0006\000:\000\040\000R\000i\000d\000e\000\040\000S\000u\000g\000g\000e\000s\000t\000i\000o\000n\000\040\000H\000e\000l\000p\000e\000r}{section.374}% 211
\BOOKMARK [2][-]{subsection.387}{\376\377\000A\000l\000g\000o\000r\000i\000t\000h\000m\000\040\0007\000:\000\040\000R\000o\000u\000t\000e\000\040\000E\000T\000A\000\040\000C\000a\000l\000c\000u\000l\000a\000t\000i\000o\000n}{section.374}% 212
\BOOKMARK [2][-]{subsection.389}{\376\377\000A\000l\000g\000o\000r\000i\000t\000h\000m\000\040\0008\000:\000\040\000T\000r\000i\000p\000\040\000A\000r\000c\000h\000i\000v\000i\000n\000g\000\040\000a\000n\000d\000\040\000S\000t\000a\000t\000e\000\040\000H\000i\000s\000t\000o\000r\000y}{section.374}% 213
\BOOKMARK [2][-]{subsection.391}{\376\377\000A\000l\000g\000o\000r\000i\000t\000h\000m\000\040\0009\000:\000\040\000P\000o\000l\000y\000l\000i\000n\000e\000\040\000D\000e\000c\000o\000d\000i\000n\000g\000\040\000f\000o\000r\000\040\000R\000o\000u\000t\000e\000\040\000G\000e\000o\000m\000e\000t\000r\000y}{section.374}% 214
\BOOKMARK [2][-]{subsection.393}{\376\377\000A\000l\000g\000o\000r\000i\000t\000h\000m\000\040\0001\0000\000:\000\040\000R\000i\000d\000e\000\040\000F\000a\000r\000e\000\040\000N\000e\000g\000o\000t\000i\000a\000t\000i\000o\000n\000\040\000P\000r\000o\000t\000o\000c\000o\000l}{section.374}% 215
\BOOKMARK [2][-]{subsection.395}{\376\377\000A\000l\000g\000o\000r\000i\000t\000h\000m\000\040\0001\0001\000:\000\040\000S\000u\000p\000p\000o\000r\000t\000\040\000C\000h\000a\000t\000b\000o\000t\000\040\000E\000n\000g\000i\000n\000e\000\040\000\050\000E\000n\000d\000-\000t\000o\000-\000E\000n\000d\000\040\000S\000t\000a\000t\000e\000\040\000M\000a\000c\000h\000i\000n\000e\000\040\000+\000\040\000A\000P\000I\000\040\000+\000\040\000R\000o\000u\000t\000i\000n\000g\000\040\000F\000a\000l\000l\000b\000a\000c\000k\000\051}{section.374}% 216
\BOOKMARK [2][-]{subsection.397}{\376\377\000A\000l\000g\000o\000r\000i\000t\000h\000m\000\040\0001\0002\000:\000\040\000N\000o\000t\000i\000f\000i\000c\000a\000t\000i\000o\000n\000\040\000D\000i\000s\000p\000a\000t\000c\000h}{section.374}% 217
\BOOKMARK [2][-]{subsection.399}{\376\377\000A\000l\000g\000o\000r\000i\000t\000h\000m\000\040\0001\0003\000:\000\040\000V\000e\000r\000i\000f\000i\000c\000a\000t\000i\000o\000n\000\040\000G\000u\000a\000r\000d\000\040\000a\000n\000d\000\040\000A\000n\000t\000i\000-\000F\000r\000a\000u\000d\000\040\000C\000h\000e\000c\000k}{section.374}% 218
\BOOKMARK [2][-]{subsection.401}{\376\377\000A\000l\000g\000o\000r\000i\000t\000h\000m\000\040\0001\0004\000:\000\040\000P\000a\000s\000s\000e\000n\000g\000e\000r\000\040\000B\000l\000o\000c\000k\000i\000n\000g\000\040\000P\000r\000o\000t\000o\000c\000o\000l}{section.374}% 219
\BOOKMARK [2][-]{subsection.403}{\376\377\000A\000l\000g\000o\000r\000i\000t\000h\000m\000\040\0001\0005\000:\000\040\000I\000n\000-\000R\000i\000d\000e\000\040\000C\000h\000a\000t\000\040\000S\000y\000n\000c\000h\000r\000o\000n\000i\000z\000a\000t\000i\000o\000n}{section.374}% 220
\BOOKMARK [2][-]{subsection.405}{\376\377\000A\000l\000g\000o\000r\000i\000t\000h\000m\000\040\0001\0006\000:\000\040\000P\000o\000s\000t\000-\000T\000r\000i\000p\000\040\000R\000a\000t\000i\000n\000g\000\040\000A\000g\000g\000r\000e\000g\000a\000t\000i\000o\000n}{section.374}% 221
\BOOKMARK [1][-]{section.407}{\376\377\000E\000x\000t\000e\000r\000n\000a\000l\000\040\000A\000P\000I\000s\000\040\000/\000\040\000S\000D\000K\000s}{chapter.366}% 222
\BOOKMARK [1][-]{section.410}{\376\377\000U\000s\000e\000r\000\040\000I\000n\000t\000e\000r\000f\000a\000c\000e\000\040\000I\000m\000p\000l\000e\000m\000e\000n\000t\000a\000t\000i\000o\000n}{chapter.366}% 223
\BOOKMARK [2][-]{subsection.411}{\376\377\000U\000I\000\040\000D\000e\000s\000i\000g\000n\000\040\000A\000p\000p\000r\000o\000a\000c\000h}{section.410}% 224
\BOOKMARK [2][-]{subsection.412}{\376\377\000S\000c\000r\000e\000e\000n\000-\000w\000i\000s\000e\000\040\000I\000m\000p\000l\000e\000m\000e\000n\000t\000a\000t\000i\000o\000n}{section.410}% 225
\BOOKMARK [3][-]{subsubsection.413}{\376\377\000U\000s\000e\000r\000\040\000S\000i\000g\000n\000u\000p}{subsection.412}% 226
\BOOKMARK [3][-]{subsubsection.416}{\376\377\000S\000c\000r\000e\000e\000n\000\040\0004\000:\000\040\000L\000o\000g\000i\000n\000\040\000S\000c\000r\000e\000e\000n}{subsection.412}% 227
\BOOKMARK [3][-]{subsubsection.419}{\376\377\000S\000c\000r\000e\000e\000n\000\040\0005\000:\000\040\000A\000c\000c\000o\000u\000n\000t\000\040\000S\000t\000a\000t\000u\000s\000\040\000\050\000B\000a\000n\000n\000e\000d\000/\000R\000e\000j\000e\000c\000t\000e\000d\000\051}{subsection.412}% 228
\BOOKMARK [3][-]{subsubsection.422}{\376\377\000C\000r\000e\000a\000t\000e\000\040\000R\000i\000d\000e\000:\000\040\000S\000i\000m\000p\000l\000i\000f\000i\000e\000d\000\040\000P\000o\000s\000t\000i\000n\000g\000\040\000F\000l\000o\000w}{subsection.412}% 229
\BOOKMARK [3][-]{subsubsection.425}{\376\377\000S\000c\000r\000e\000e\000n\000\040\0001\0004\000-\0001\0006\000:\000\040\000F\000i\000n\000d\000\040\000R\000i\000d\000e\000\040\000\050\000B\000r\000o\000w\000s\000e\000,\000\040\000P\000i\000c\000k\000u\000p\000/\000D\000r\000o\000p\000,\000\040\000a\000n\000d\000\040\000F\000i\000l\000t\000e\000r\000s\000\051}{subsection.412}% 230
\BOOKMARK [3][-]{subsubsection.428}{\376\377\000S\000c\000r\000e\000e\000n\000\040\0001\0007\000:\000\040\000R\000i\000d\000e\000\040\000D\000e\000t\000a\000i\000l\000s\000\040\000V\000i\000e\000w}{subsection.412}% 231
\BOOKMARK [3][-]{subsubsection.431}{\376\377\000S\000c\000r\000e\000e\000n\000\040\0001\0008\000:\000\040\000R\000e\000q\000u\000e\000s\000t\000\040\000R\000i\000d\000e\000\040\000\050\000B\000o\000o\000k\000i\000n\000g\000\040\000F\000o\000r\000m\000\051}{subsection.412}% 232
\BOOKMARK [3][-]{subsubsection.434}{\376\377\000S\000c\000r\000e\000e\000n\000\040\0001\0009\000:\000\040\000B\000o\000o\000k\000e\000d\000\040\000R\000i\000d\000e\000\040\000D\000e\000t\000a\000i\000l\000s}{subsection.412}% 233
\BOOKMARK [3][-]{subsubsection.437}{\376\377\000S\000c\000r\000e\000e\000n\000\040\0002\0001\000:\000\040\000N\000e\000g\000o\000t\000i\000a\000t\000i\000o\000n\000\040\000B\000e\000t\000w\000e\000e\000n\000\040\000P\000a\000s\000s\000e\000n\000g\000e\000r\000\040\000a\000n\000d\000\040\000D\000r\000i\000v\000e\000r}{subsection.412}% 234
\BOOKMARK [3][-]{subsubsection.440}{\376\377\000S\000c\000r\000e\000e\000n\000\040\0002\0002\000:\000\040\000D\000r\000i\000v\000e\000r\000\040\000R\000i\000d\000e\000\040\000D\000e\000t\000a\000i\000l\000s\000\040\000\050\000P\000e\000n\000d\000i\000n\000g\000\051}{subsection.412}% 235
\BOOKMARK [3][-]{subsubsection.443}{\376\377\000S\000c\000r\000e\000e\000n\000\040\0002\0003\000:\000\040\000N\000e\000g\000o\000t\000i\000a\000t\000i\000o\000n\000\040\000C\000o\000m\000p\000l\000e\000t\000e\000d}{subsection.412}% 236
\BOOKMARK [3][-]{subsubsection.446}{\376\377\000S\000c\000r\000e\000e\000n\000\040\0002\0004\000:\000\040\000M\000y\000\040\000R\000i\000d\000e\000s}{subsection.412}% 237
\BOOKMARK [3][-]{subsubsection.449}{\376\377\000S\000c\000r\000e\000e\000n\000\040\0002\0005\000:\000\040\000L\000i\000v\000e\000\040\000T\000r\000a\000c\000k\000i\000n\000g\000\040\000a\000n\000d\000\040\000P\000i\000c\000k\000u\000p\000\040\000V\000e\000r\000i\000f\000i\000c\000a\000t\000i\000o\000n}{subsection.412}% 238
\BOOKMARK [3][-]{subsubsection.452}{\376\377\000S\000c\000r\000e\000e\000n\000\040\0002\0009\000:\000\040\000P\000a\000y\000m\000e\000n\000t\000\040\000a\000n\000d\000\040\000R\000a\000t\000i\000n\000g\000\040\000S\000c\000r\000e\000e\000n}{subsection.412}% 239
\BOOKMARK [3][-]{subsubsection.455}{\376\377\000S\000c\000r\000e\000e\000n\000\040\0003\0001\000:\000\040\000M\000e\000s\000s\000a\000g\000i\000n\000g\000\040\000a\000n\000d\000\040\000U\000s\000e\000r\000\040\000C\000h\000a\000t}{subsection.412}% 240
\BOOKMARK [3][-]{subsubsection.458}{\376\377\000S\000c\000r\000e\000e\000n\000\040\0003\0002\000:\000\040\000S\000u\000p\000p\000o\000r\000t\000\040\000C\000h\000a\000t\000\040\000-\000\040\000B\000o\000t\000\040\000\046\000\040\000A\000d\000m\000i\000n}{subsection.412}% 241
\BOOKMARK [3][-]{subsubsection.461}{\376\377\000S\000c\000r\000e\000e\000n\000\040\0003\0003\000:\000\040\000N\000o\000t\000i\000f\000i\000c\000a\000t\000i\000o\000n\000s\000\040\000L\000i\000s\000t}{subsection.412}% 242
\BOOKMARK [3][-]{subsubsection.464}{\376\377\000S\000c\000r\000e\000e\000n\000\040\0003\0004\000-\0003\0005\000:\000\040\000E\000m\000e\000r\000g\000e\000n\000c\000y\000\040\000S\000O\000S}{subsection.412}% 243
\BOOKMARK [3][-]{subsubsection.467}{\376\377\000S\000c\000r\000e\000e\000n\000\040\0003\0006\000:\000\040\000P\000r\000o\000f\000i\000l\000e\000\040\000O\000v\000e\000r\000v\000i\000e\000w}{subsection.412}% 244
\BOOKMARK [3][-]{subsubsection.470}{\376\377\000S\000c\000r\000e\000e\000n\000\040\0003\0007\000:\000\040\000P\000r\000o\000f\000i\000l\000e\000\040\000A\000n\000a\000l\000y\000t\000i\000c\000s}{subsection.412}% 245
\BOOKMARK [3][-]{subsubsection.473}{\376\377\000S\000c\000r\000e\000e\000n\000\040\0003\0008\000:\000\040\000R\000i\000d\000e\000\040\000H\000i\000s\000t\000o\000r\000y\000\040\000\050\000B\000o\000o\000k\000e\000d\000/\000C\000r\000e\000a\000t\000e\000d\000\051}{subsection.412}% 246
\BOOKMARK [3][-]{subsubsection.476}{\376\377\000S\000c\000r\000e\000e\000n\000\040\0003\0009\000:\000\040\000D\000r\000i\000v\000e\000r\000\040\000V\000e\000r\000i\000f\000i\000c\000a\000t\000i\000o\000n\000\040\000D\000o\000c\000u\000m\000e\000n\000t\000s\000\040\000\050\000E\000d\000i\000t\000\051}{subsection.412}% 247
\BOOKMARK [3][-]{subsubsection.479}{\376\377\000S\000c\000r\000e\000e\000n\000\040\0004\0000\000:\000\040\000B\000l\000o\000c\000k\000e\000d\000\040\000U\000s\000e\000r\000s}{subsection.412}% 248
\BOOKMARK [3][-]{subsubsection.482}{\376\377\000S\000c\000r\000e\000e\000n\000\040\0004\0001\000:\000\040\000W\000e\000b\000\040\000L\000i\000v\000e\000\040\000T\000r\000a\000c\000k\000i\000n\000g\000\040\000\050\000E\000x\000t\000e\000r\000n\000a\000l\000\051}{subsection.412}% 249
\BOOKMARK [3][-]{subsubsection.485}{\376\377\000S\000c\000r\000e\000e\000n\000\040\0004\0002\000:\000\040\000A\000d\000m\000i\000n\000\040\000L\000o\000g\000i\000n}{subsection.412}% 250
\BOOKMARK [3][-]{subsubsection.488}{\376\377\000S\000c\000r\000e\000e\000n\000\040\0004\0003\000:\000\040\000A\000d\000m\000i\000n\000\040\000D\000a\000s\000h\000b\000o\000a\000r\000d\000\040\000\050\000O\000v\000e\000r\000v\000i\000e\000w\000\051}{subsection.412}% 251
\BOOKMARK [3][-]{subsubsection.491}{\376\377\000S\000c\000r\000e\000e\000n\000\040\0004\0004\000:\000\040\000R\000i\000d\000e\000s\000\040\000D\000a\000s\000h\000b\000o\000a\000r\000d}{subsection.412}% 252
\BOOKMARK [3][-]{subsubsection.494}{\376\377\000S\000c\000r\000e\000e\000n\000\040\0004\0005\000:\000\040\000R\000e\000a\000c\000h\000e\000d\000\040\000P\000e\000n\000d\000i\000n\000g\000\040\000D\000a\000s\000h\000b\000o\000a\000r\000d}{subsection.412}% 253
\BOOKMARK [3][-]{subsubsection.497}{\376\377\000S\000c\000r\000e\000e\000n\000\040\0004\0006\000:\000\040\000S\000O\000S\000\040\000I\000n\000c\000i\000d\000e\000n\000t\000s\000\040\000D\000a\000s\000h\000b\000o\000a\000r\000d}{subsection.412}% 254
\BOOKMARK [3][-]{subsubsection.500}{\376\377\000S\000c\000r\000e\000e\000n\000\040\0004\0007\000:\000\040\000U\000s\000e\000r\000s\000\040\000M\000a\000n\000a\000g\000e\000m\000e\000n\000t}{subsection.412}% 255
\BOOKMARK [3][-]{subsubsection.503}{\376\377\000S\000c\000r\000e\000e\000n\000\040\0004\0008\000:\000\040\000C\000h\000a\000n\000g\000e\000\040\000R\000e\000q\000u\000e\000s\000t\000s\000\040\000D\000a\000s\000h\000b\000o\000a\000r\000d}{subsection.412}% 256
\BOOKMARK [3][-]{subsubsection.506}{\376\377\000S\000c\000r\000e\000e\000n\000\040\0004\0009\000:\000\040\000A\000d\000m\000i\000n\000\040\000T\000o\000d\000o\000s\000\040\000I\000n\000b\000o\000x}{subsection.412}% 257
\BOOKMARK [3][-]{subsubsection.509}{\376\377\000S\000c\000r\000e\000e\000n\000\040\0005\0000\000:\000\040\000S\000u\000p\000p\000o\000r\000t\000\040\000F\000A\000Q\000s\000\040\000M\000a\000n\000a\000g\000e\000m\000e\000n\000t}{subsection.412}% 258
\BOOKMARK [3][-]{subsubsection.512}{\376\377\000S\000c\000r\000e\000e\000n\000\040\0005\0001\000:\000\040\000G\000u\000e\000s\000t\000\040\000S\000u\000p\000p\000o\000r\000t\000\040\000U\000s\000e\000r\000s\000\040\000L\000i\000s\000t}{subsection.412}% 259
\BOOKMARK [2][-]{subsection.515}{\376\377\000N\000a\000v\000i\000g\000a\000t\000i\000o\000n\000\040\000F\000l\000o\000w\000\040\000D\000i\000a\000g\000r\000a\000m}{section.410}% 260
\BOOKMARK [2][-]{subsection.518}{\376\377\000R\000e\000s\000p\000o\000n\000s\000i\000v\000e\000n\000e\000s\000s\000\040\000a\000n\000d\000\040\000P\000e\000r\000f\000o\000r\000m\000a\000n\000c\000e}{section.410}% 261
\BOOKMARK [1][-]{section.519}{\376\377\000D\000e\000p\000l\000o\000y\000m\000e\000n\000t}{chapter.366}% 262
\BOOKMARK [0][-]{chapter.522}{\376\377\000T\000e\000s\000t\000i\000n\000g\000\040\000a\000n\000d\000\040\000E\000v\000a\000l\000u\000a\000t\000i\000o\000n}{}% 263
\BOOKMARK [1][-]{section.523}{\376\377\000T\000e\000s\000t\000i\000n\000g\000\040\000S\000t\000r\000a\000t\000e\000g\000y}{chapter.522}% 264
\BOOKMARK [1][-]{section.524}{\376\377\000U\000n\000i\000t\000\040\000T\000e\000s\000t\000i\000n\000g}{chapter.522}% 265
\BOOKMARK [2][-]{subsection.527}{\376\377\000B\000a\000c\000k\000e\000n\000d\000\040\000U\000n\000i\000t\000\040\000T\000e\000s\000t\000i\000n\000g\000\040\000\050\000P\000y\000t\000e\000s\000t\000\051}{section.524}% 266
\BOOKMARK [2][-]{subsection.536}{\376\377\000F\000r\000o\000n\000t\000e\000n\000d\000\040\000B\000e\000h\000a\000v\000i\000o\000r\000a\000l\000\040\000T\000e\000s\000t\000i\000n\000g\000\040\000\050\000F\000l\000u\000t\000t\000e\000r\000\051}{section.524}% 267
\BOOKMARK [2][-]{subsection.539}{\376\377\000F\000r\000o\000n\000t\000e\000n\000d\000\040\000C\000o\000d\000e\000\040\000C\000o\000n\000t\000r\000a\000c\000t\000\040\000V\000e\000r\000i\000f\000i\000c\000a\000t\000i\000o\000n}{section.524}% 268
\BOOKMARK [1][-]{section.544}{\376\377\000I\000n\000t\000e\000g\000r\000a\000t\000i\000o\000n\000\040\000T\000e\000s\000t\000i\000n\000g}{chapter.522}% 269
\BOOKMARK [1][-]{section.547}{\376\377\000A\000P\000I\000\040\000E\000n\000d\000p\000o\000i\000n\000t\000\040\000V\000a\000l\000i\000d\000a\000t\000i\000o\000n\000\040\000v\000i\000a\000\040\000P\000o\000s\000t\000m\000a\000n}{chapter.522}% 270
\BOOKMARK [2][-]{subsection.548}{\376\377\000C\000o\000r\000e\000\040\000L\000i\000f\000e\000c\000y\000c\000l\000e\000\040\000A\000P\000I\000s}{section.547}% 271
\BOOKMARK [2][-]{subsection.555}{\376\377\000T\000r\000i\000p\000\040\000E\000x\000e\000c\000u\000t\000i\000o\000n\000\040\000a\000n\000d\000\040\000R\000e\000a\000l\000-\000t\000i\000m\000e\000\040\000U\000p\000d\000a\000t\000e\000s}{section.547}% 272
\BOOKMARK [2][-]{subsection.562}{\376\377\000I\000n\000f\000r\000a\000s\000t\000r\000u\000c\000t\000u\000r\000e\000\040\000a\000n\000d\000\040\000S\000a\000f\000e\000t\000y\000\040\000S\000e\000r\000v\000i\000c\000e\000s}{section.547}% 273
\BOOKMARK [1][-]{section.569}{\376\377\000S\000y\000s\000t\000e\000m\000\040\000T\000e\000s\000t\000i\000n\000g}{chapter.522}% 274
\BOOKMARK [1][-]{section.570}{\376\377\000P\000e\000r\000f\000o\000r\000m\000a\000n\000c\000e\000\040\000T\000e\000s\000t\000i\000n\000g}{chapter.522}% 275
\BOOKMARK [1][-]{section.575}{\376\377\000S\000e\000c\000u\000r\000i\000t\000y\000\040\000T\000e\000s\000t\000i\000n\000g}{chapter.522}% 276
\BOOKMARK [1][-]{section.584}{\376\377\000M\000a\000c\000h\000i\000n\000e\000\040\000L\000e\000a\000r\000n\000i\000n\000g\000\040\000M\000o\000d\000e\000l\000\040\000E\000v\000a\000l\000u\000a\000t\000i\000o\000n}{chapter.522}% 277
\BOOKMARK [2][-]{subsection.585}{\376\377\000R\000a\000n\000k\000i\000n\000g\000\040\000L\000o\000g\000i\000c\000\040\000F\000a\000c\000t\000o\000r\000s}{section.584}% 278
\BOOKMARK [2][-]{subsection.586}{\376\377\000E\000v\000a\000l\000u\000a\000t\000i\000o\000n\000\040\000P\000e\000r\000f\000o\000r\000m\000a\000n\000c\000e\000\040\000M\000e\000t\000r\000i\000c\000s}{section.584}% 279
\BOOKMARK [2][-]{subsection.589}{\376\377\000E\000r\000r\000o\000r\000\040\000A\000n\000a\000l\000y\000s\000i\000s\000\040\000\050\000W\000o\000r\000s\000t\000\040\000C\000a\000s\000e\000s\000\051}{section.584}% 280
\BOOKMARK [1][-]{section.592}{\376\377\000U\000s\000e\000r\000\040\000A\000c\000c\000e\000p\000t\000a\000n\000c\000e\000\040\000T\000e\000s\000t\000i\000n\000g}{chapter.522}% 281
\BOOKMARK [1][-]{section.593}{\376\377\000A\000u\000t\000o\000m\000a\000t\000e\000d\000\040\000T\000e\000s\000t\000\040\000E\000x\000e\000c\000u\000t\000i\000o\000n\000\040\000R\000e\000s\000u\000l\000t\000s\000\040\000\050\000P\000r\000o\000o\000f\000s\000\051}{chapter.522}% 282
\BOOKMARK [2][-]{subsection.594}{\376\377\000F\000r\000o\000n\000t\000e\000n\000d\000\040\000U\000n\000i\000t\000\040\000a\000n\000d\000\040\000W\000i\000d\000g\000e\000t\000\040\000T\000e\000s\000t\000s}{section.593}% 283
\BOOKMARK [2][-]{subsection.599}{\376\377\000B\000a\000c\000k\000e\000n\000d\000\040\000L\000o\000g\000i\000c\000\040\000a\000n\000d\000\040\000V\000i\000e\000w\000\040\000T\000e\000s\000t\000s}{section.593}% 284
\BOOKMARK [1][-]{section.602}{\376\377\000T\000e\000s\000t\000i\000n\000g\000\040\000S\000u\000m\000m\000a\000r\000y}{chapter.522}% 285
\BOOKMARK [0][-]{chapter.603}{\376\377\000C\000o\000n\000c\000l\000u\000s\000i\000o\000n\000\040\000a\000n\000d\000\040\000F\000u\000t\000u\000r\000e\000\040\000W\000o\000r\000k}{}% 286
\BOOKMARK [1][-]{section.604}{\376\377\000C\000o\000n\000c\000l\000u\000s\000i\000o\000n}{chapter.603}% 287
\BOOKMARK [1][-]{section.605}{\376\377\000F\000u\000t\000u\000r\000e\000\040\000W\000o\000r\000k}{chapter.603}% 288
\BOOKMARK [1][-]{section.606}{\376\377\000L\000i\000m\000i\000t\000a\000t\000i\000o\000n\000s}{chapter.603}% 289
\BOOKMARK [0][-]{appendix*.608}{\376\377\000A\000p\000p\000e\000n\000d\000i\000c\000e\000s}{}% 290
\BOOKMARK [1][-]{section*.609}{\376\377\000A\000p\000p\000e\000n\000d\000i\000x\000\040\000A\000\040\040\023\000\040\000T\000u\000r\000n\000i\000t\000i\000n\000\040\000S\000i\000m\000i\000l\000a\000r\000i\000t\000y\000\040\000R\000e\000p\000o\000r\000t}{appendix*.608}% 291
\BOOKMARK [1][-]{figure.611}{\376\377\000A\000p\000p\000e\000n\000d\000i\000x\000\040\000C\000\040\040\023\000\040\000S\000o\000u\000r\000c\000e\000\040\000C\000o\000d\000e}{appendix*.608}% 292
