\BOOKMARK [1][-]{Doc-Start}{\376\377\000E\000x\000e\000c\000u\000t\000i\000v\000e\000\040\000S\000u\000m\000m\000a\000r\000y}{}% 1
\BOOKMARK [1][-]{Doc-Start}{\376\377\000L\000i\000s\000t\000\040\000o\000f\000\040\000T\000a\000b\000l\000e\000s}{}% 2
\BOOKMARK [1][-]{Doc-Start}{\376\377\000L\000i\000s\000t\000\040\000o\000f\000\040\000F\000i\000g\000u\000r\000e\000s}{}% 3
\BOOKMARK [0][-]{chapter.1}{\376\377\000I\000n\000t\000r\000o\000d\000u\000c\000t\000i\000o\000n}{}% 4
\BOOKMARK [1][-]{section.2}{\376\377\000I\000n\000t\000r\000o\000d\000u\000c\000t\000i\000o\000n}{chapter.1}% 5
\BOOKMARK [1][-]{section.3}{\376\377\000V\000i\000s\000i\000o\000n\000\040\000S\000t\000a\000t\000e\000m\000e\000n\000t}{chapter.1}% 6
\BOOKMARK [1][-]{section.16}{\376\377\000T\000o\000o\000l\000s\000\040\000a\000n\000d\000\040\000T\000e\000c\000h\000n\000o\000l\000o\000g\000i\000e\000s}{chapter.1}% 7
\BOOKMARK [2][-]{subsection.19}{\376\377\000P\000r\000o\000g\000r\000a\000m\000m\000i\000n\000g\000\040\000F\000u\000n\000d\000a\000m\000e\000n\000t\000a\000l\000s}{section.16}% 8
\BOOKMARK [2][-]{subsection.20}{\376\377\000D\000a\000t\000a\000\040\000S\000t\000r\000u\000c\000t\000u\000r\000e\000s\000\040\000a\000n\000d\000\040\000A\000l\000g\000o\000r\000i\000t\000h\000m\000s}{section.16}% 9
\BOOKMARK [2][-]{subsection.21}{\376\377\000D\000a\000t\000a\000b\000a\000s\000e\000\040\000M\000a\000n\000a\000g\000e\000m\000e\000n\000t\000\040\000S\000y\000s\000t\000e\000m\000s}{section.16}% 10
\BOOKMARK [2][-]{subsection.22}{\376\377\000S\000o\000f\000t\000w\000a\000r\000e\000\040\000E\000n\000g\000i\000n\000e\000e\000r\000i\000n\000g}{section.16}% 11
\BOOKMARK [2][-]{subsection.23}{\376\377\000O\000t\000h\000e\000r\000\040\000R\000e\000l\000e\000v\000a\000n\000t\000\040\000C\000o\000u\000r\000s\000e\000s}{section.16}% 12
\BOOKMARK [0][-]{chapter.24}{\376\377\000P\000r\000o\000b\000l\000e\000m\000\040\000D\000e\000f\000i\000n\000i\000t\000i\000o\000n}{}% 13
\BOOKMARK [1][-]{section.25}{\376\377\000P\000r\000o\000b\000l\000e\000m\000\040\000S\000t\000a\000t\000e\000m\000e\000n\000t}{chapter.24}% 14
\BOOKMARK [1][-]{section.26}{\376\377\000P\000r\000o\000p\000o\000s\000e\000d\000\040\000S\000o\000l\000u\000t\000i\000o\000n\000\040\000O\000v\000e\000r\000v\000i\000e\000w}{chapter.24}% 15
\BOOKMARK [1][-]{section.27}{\376\377\000O\000b\000j\000e\000c\000t\000i\000v\000e\000s\000\040\000o\000f\000\040\000t\000h\000e\000\040\000P\000r\000o\000p\000o\000s\000e\000d\000\040\000S\000y\000s\000t\000e\000m}{chapter.24}% 16
\BOOKMARK [1][-]{section.28}{\376\377\000S\000c\000o\000p\000e\000\040\000o\000f\000\040\000t\000h\000e\000\040\000S\000y\000s\000t\000e\000m}{chapter.24}% 17
\BOOKMARK [1][-]{section.29}{\376\377\000S\000y\000s\000t\000e\000m\000\040\000A\000r\000c\000h\000i\000t\000e\000c\000t\000u\000r\000e\000\040\000a\000n\000d\000\040\000M\000o\000d\000u\000l\000e\000s}{chapter.24}% 18
\BOOKMARK [2][-]{subsection.30}{\376\377\000M\000o\000d\000u\000l\000e\000\040\0001\000:\000\040\000P\000r\000o\000f\000i\000l\000e\000\040\000M\000a\000n\000a\000g\000e\000m\000e\000n\000t\000\040\000\050\000R\000e\000g\000i\000s\000t\000r\000a\000t\000i\000o\000n\000\040\000\046\000\040\000V\000e\000r\000i\000f\000i\000c\000a\000t\000i\000o\000n\000\051}{section.29}% 19
\BOOKMARK [2][-]{subsection.31}{\376\377\000M\000o\000d\000u\000l\000e\000\040\0002\000:\000\040\000C\000o\000m\000m\000u\000n\000i\000c\000a\000t\000i\000o\000n\000\040\000M\000o\000d\000u\000l\000e\000\040\000\050\000C\000h\000a\000t\000\040\000\046\000\040\000N\000o\000t\000i\000f\000i\000c\000a\000t\000i\000o\000n\000s\000\051}{section.29}% 20
\BOOKMARK [2][-]{subsection.32}{\376\377\000M\000o\000d\000u\000l\000e\000\040\0003\000:\000\040\000C\000o\000r\000e\000\040\000F\000u\000n\000c\000t\000i\000o\000n\000a\000l\000\040\000M\000o\000d\000u\000l\000e\000\040\000\050\000R\000i\000d\000e\000\040\000M\000a\000n\000a\000g\000e\000m\000e\000n\000t\000\040\000\046\000\040\000B\000o\000o\000k\000i\000n\000g\000\051}{section.29}% 21
\BOOKMARK [2][-]{subsection.33}{\376\377\000M\000o\000d\000u\000l\000e\000\040\0004\000:\000\040\000M\000a\000n\000a\000g\000e\000m\000e\000n\000t\000\040\000/\000\040\000A\000d\000m\000i\000n\000\040\000M\000o\000d\000u\000l\000e}{section.29}% 22
\BOOKMARK [2][-]{subsection.34}{\376\377\000M\000o\000d\000u\000l\000e\000\040\0005\000:\000\040\000A\000d\000v\000a\000n\000c\000e\000d\000\040\000/\000\040\000A\000d\000d\000i\000t\000i\000o\000n\000a\000l\000\040\000F\000e\000a\000t\000u\000r\000e\000s\000\040\000\050\000M\000L\000\040\000\046\000\040\000C\000h\000a\000t\000b\000o\000t\000\051}{section.29}% 23
\BOOKMARK [1][-]{section.35}{\376\377\000A\000s\000s\000u\000m\000p\000t\000i\000o\000n\000s\000\040\000a\000n\000d\000\040\000D\000e\000p\000e\000n\000d\000e\000n\000c\000i\000e\000s}{chapter.24}% 24
\BOOKMARK [1][-]{section.36}{\376\377\000C\000h\000a\000p\000t\000e\000r\000\040\000S\000u\000m\000m\000a\000r\000y}{chapter.24}% 25
\BOOKMARK [0][-]{chapter.37}{\376\377\000R\000e\000q\000u\000i\000r\000e\000m\000e\000n\000t\000\040\000A\000n\000a\000l\000y\000s\000i\000s}{}% 26
\BOOKMARK [1][-]{section.38}{\376\377\000I\000n\000t\000r\000o\000d\000u\000c\000t\000i\000o\000n\000\040\000t\000o\000\040\000R\000e\000q\000u\000i\000r\000e\000m\000e\000n\000t\000\040\000A\000n\000a\000l\000y\000s\000i\000s}{chapter.37}% 27
\BOOKMARK [1][-]{section.39}{\376\377\000R\000e\000q\000u\000i\000r\000e\000m\000e\000n\000t\000\040\000E\000l\000i\000c\000i\000t\000a\000t\000i\000o\000n\000\040\000T\000e\000c\000h\000n\000i\000q\000u\000e\000s}{chapter.37}% 28
\BOOKMARK [1][-]{section.40}{\376\377\000U\000s\000e\000r\000\040\000C\000l\000a\000s\000s\000e\000s\000\040\000a\000n\000d\000\040\000C\000h\000a\000r\000a\000c\000t\000e\000r\000i\000s\000t\000i\000c\000s}{chapter.37}% 29
\BOOKMARK [1][-]{section.43}{\376\377\000S\000y\000s\000t\000e\000m\000\040\000O\000v\000e\000r\000v\000i\000e\000w}{chapter.37}% 30
\BOOKMARK [1][-]{section.44}{\376\377\000U\000s\000e\000\040\000C\000a\000s\000e\000\040\000M\000o\000d\000e\000l}{chapter.37}% 31
\BOOKMARK [2][-]{subsection.45}{\376\377\000U\000s\000e\000\040\000C\000a\000s\000e\000\040\000D\000i\000a\000g\000r\000a\000m}{section.44}% 32
\BOOKMARK [2][-]{subsection.64}{\376\377\000U\000s\000e\000\040\000C\000a\000s\000e\000\040\000D\000e\000s\000c\000r\000i\000p\000t\000i\000o\000n\000s}{section.44}% 33
\BOOKMARK [3][-]{subsubsection.65}{\376\377\000R\000e\000g\000i\000s\000t\000r\000a\000t\000i\000o\000n\000\040\000\046\000\040\000V\000e\000r\000i\000f\000i\000c\000a\000t\000i\000o\000n\000\040\000\050\000U\000C\000-\0001\000\040\000t\000o\000\040\000U\000C\000-\0004\000\051}{subsection.64}% 34
\BOOKMARK [3][-]{subsubsection.66}{\376\377\000V\000e\000h\000i\000c\000l\000e\000\040\000M\000a\000n\000a\000g\000e\000m\000e\000n\000t\000\040\000\050\000U\000C\000-\0005\000\040\000t\000o\000\040\000U\000C\000-\0006\000\051}{subsection.64}% 35
\BOOKMARK [3][-]{subsubsection.67}{\376\377\000R\000i\000d\000e\000\040\000M\000a\000n\000a\000g\000e\000m\000e\000n\000t\000\040\000\050\000U\000C\000-\0007\000\040\000t\000o\000\040\000U\000C\000-\0009\000\051}{subsection.64}% 36
\BOOKMARK [1][-]{section.68}{\376\377\000F\000u\000n\000c\000t\000i\000o\000n\000a\000l\000\040\000R\000e\000q\000u\000i\000r\000e\000m\000e\000n\000t\000s}{chapter.37}% 37
\BOOKMARK [2][-]{subsection.69}{\376\377\000F\000R\000-\0001\000:\000\040\000U\000s\000e\000r\000\040\000R\000e\000g\000i\000s\000t\000r\000a\000t\000i\000o\000n\000\040\000\046\000\040\000A\000u\000t\000h\000e\000n\000t\000i\000c\000a\000t\000i\000o\000n}{section.68}% 38
\BOOKMARK [3][-]{subsubsection.70}{\376\377\000F\000R\000-\0001\000.\0001\000:\000\040\000R\000e\000g\000i\000s\000t\000r\000a\000t\000i\000o\000n\000\040\000F\000i\000e\000l\000d\000s}{subsection.69}% 39
\BOOKMARK [3][-]{subsubsection.71}{\376\377\000F\000R\000-\0001\000.\0002\000:\000\040\000D\000o\000c\000u\000m\000e\000n\000t\000/\000I\000m\000a\000g\000e\000\040\000U\000p\000l\000o\000a\000d\000s}{subsection.69}% 40
\BOOKMARK [3][-]{subsubsection.72}{\376\377\000F\000R\000-\0001\000.\0003\000:\000\040\000O\000T\000P\000\040\000V\000e\000r\000i\000f\000i\000c\000a\000t\000i\000o\000n}{subsection.69}% 41
\BOOKMARK [3][-]{subsubsection.73}{\376\377\000F\000R\000-\0001\000.\0004\000:\000\040\000P\000o\000s\000t\000-\000O\000T\000P\000\040\000S\000t\000a\000t\000e\000\040\000a\000n\000d\000\040\000L\000o\000g\000i\000n}{subsection.69}% 42
\BOOKMARK [2][-]{subsection.74}{\376\377\000F\000R\000-\0002\000:\000\040\000A\000d\000m\000i\000n\000\040\000V\000e\000r\000i\000f\000i\000c\000a\000t\000i\000o\000n\000\040\000\046\000\040\000M\000a\000n\000a\000g\000e\000m\000e\000n\000t}{section.68}% 43
\BOOKMARK [3][-]{subsubsection.75}{\376\377\000F\000R\000-\0002\000.\0001\000:\000\040\000A\000d\000m\000i\000n\000\040\000U\000s\000e\000r\000\040\000L\000i\000s\000t\000\040\000\046\000\040\000D\000e\000t\000a\000i\000l\000s}{subsection.74}% 44
\BOOKMARK [3][-]{subsubsection.76}{\376\377\000F\000R\000-\0002\000.\0002\000:\000\040\000V\000e\000r\000i\000f\000y\000/\000R\000e\000j\000e\000c\000t\000/\000B\000a\000n\000/\000C\000r\000e\000a\000t\000e}{subsection.74}% 45
\BOOKMARK [3][-]{subsubsection.77}{\376\377\000F\000R\000-\0002\000.\0003\000:\000\040\000V\000e\000r\000i\000f\000i\000c\000a\000t\000i\000o\000n\000\040\000S\000L\000A}{subsection.74}% 46
\BOOKMARK [3][-]{subsubsection.78}{\376\377\000F\000R\000-\0002\000.\0004\000:\000\040\000D\000i\000s\000p\000u\000t\000e\000\040\000R\000e\000s\000o\000l\000u\000t\000i\000o\000n}{subsection.74}% 47
\BOOKMARK [2][-]{subsection.79}{\376\377\000F\000R\000-\0003\000:\000\040\000V\000e\000h\000i\000c\000l\000e\000\040\000M\000a\000n\000a\000g\000e\000m\000e\000n\000t\000\040\000\050\000D\000r\000i\000v\000e\000r\000s\000\051}{section.68}% 48
\BOOKMARK [3][-]{subsubsection.80}{\376\377\000F\000R\000-\0003\000.\0001\000:\000\040\000V\000e\000h\000i\000c\000l\000e\000\040\000C\000r\000e\000a\000t\000i\000o\000n}{subsection.79}% 49
\BOOKMARK [3][-]{subsubsection.81}{\376\377\000F\000R\000-\0003\000.\0002\000:\000\040\000M\000u\000l\000t\000i\000p\000l\000e\000\040\000V\000e\000h\000i\000c\000l\000e\000s\000\040\000\046\000\040\000E\000d\000i\000t\000/\000D\000e\000l\000e\000t\000e}{subsection.79}% 50
\BOOKMARK [2][-]{subsection.82}{\376\377\000F\000R\000-\0004\000:\000\040\000R\000i\000d\000e\000\040\000C\000r\000e\000a\000t\000i\000o\000n\000\040\000\050\000D\000r\000i\000v\000e\000r\000\051}{section.68}% 51
\BOOKMARK [3][-]{subsubsection.83}{\376\377\000F\000R\000-\0004\000.\0001\000:\000\040\000M\000a\000p\000-\000b\000a\000s\000e\000d\000\040\000R\000o\000u\000t\000e\000\040\000E\000d\000i\000t\000o\000r}{subsection.82}% 52
\BOOKMARK [3][-]{subsubsection.84}{\376\377\000F\000R\000-\0004\000.\0002\000:\000\040\000R\000i\000d\000e\000\040\000P\000a\000r\000a\000m\000e\000t\000e\000r\000s}{subsection.82}% 53
\BOOKMARK [3][-]{subsubsection.85}{\376\377\000F\000R\000-\0004\000.\0003\000:\000\040\000R\000i\000d\000e\000\040\000E\000d\000i\000t\000i\000n\000g\000/\000C\000a\000n\000c\000e\000l\000\040\000R\000u\000l\000e\000s}{subsection.82}% 54
\BOOKMARK [2][-]{subsection.86}{\376\377\000F\000R\000-\0005\000:\000\040\000R\000i\000d\000e\000\040\000B\000r\000o\000w\000s\000i\000n\000g\000\040\000\046\000\040\000B\000o\000o\000k\000i\000n\000g\000\040\000\050\000P\000a\000s\000s\000e\000n\000g\000e\000r\000s\000\051}{section.68}% 55
\BOOKMARK [3][-]{subsubsection.87}{\376\377\000F\000R\000-\0005\000.\0001\000:\000\040\000B\000r\000o\000w\000s\000e\000\040\000\046\000\040\000R\000i\000d\000e\000\040\000C\000a\000r\000d}{subsection.86}% 56
\BOOKMARK [3][-]{subsubsection.88}{\376\377\000F\000R\000-\0005\000.\0002\000:\000\040\000B\000o\000o\000k\000i\000n\000g\000\040\000F\000l\000o\000w}{subsection.86}% 57
\BOOKMARK [2][-]{subsection.89}{\376\377\000F\000R\000-\0006\000:\000\040\000F\000a\000r\000e\000\040\000N\000e\000g\000o\000t\000i\000a\000t\000i\000o\000n}{section.68}% 58
\BOOKMARK [3][-]{subsubsection.90}{\376\377\000F\000R\000-\0006\000.\0001\000:\000\040\000N\000e\000g\000o\000t\000i\000a\000t\000i\000o\000n\000\040\000M\000e\000s\000s\000a\000g\000i\000n\000g\000\040\000\046\000\040\000R\000e\000c\000o\000r\000d\000i\000n\000g}{subsection.89}% 59
\BOOKMARK [2][-]{subsection.91}{\376\377\000F\000R\000-\0007\000:\000\040\000B\000o\000o\000k\000i\000n\000g\000\040\000C\000o\000n\000f\000i\000r\000m\000a\000t\000i\000o\000n\000\040\000\046\000\040\000N\000o\000t\000i\000f\000i\000c\000a\000t\000i\000o\000n\000s}{section.68}% 60
\BOOKMARK [3][-]{subsubsection.92}{\376\377\000F\000R\000-\0007\000.\0001\000:\000\040\000N\000o\000t\000i\000f\000i\000c\000a\000t\000i\000o\000n\000s\000\040\000f\000o\000r\000\040\000B\000o\000o\000k\000i\000n\000g\000\040\000E\000v\000e\000n\000t\000s}{subsection.91}% 61
\BOOKMARK [3][-]{subsubsection.93}{\376\377\000F\000R\000-\0007\000.\0002\000:\000\040\000B\000o\000o\000k\000i\000n\000g\000\040\000S\000u\000m\000m\000a\000r\000i\000e\000s}{subsection.91}% 62
\BOOKMARK [2][-]{subsection.94}{\376\377\000F\000R\000-\0008\000:\000\040\000P\000r\000o\000f\000i\000l\000e\000\040\000M\000a\000n\000a\000g\000e\000m\000e\000n\000t}{section.68}% 63
\BOOKMARK [3][-]{subsubsection.95}{\376\377\000F\000R\000-\0008\000.\0001\000:\000\040\000P\000r\000o\000f\000i\000l\000e\000\040\000C\000R\000U\000D}{subsection.94}% 64
\BOOKMARK [2][-]{subsection.96}{\376\377\000F\000R\000-\0009\000:\000\040\000A\000d\000m\000i\000n\000\040\000\046\000\040\000S\000y\000s\000t\000e\000m\000\040\000N\000o\000t\000i\000f\000i\000c\000a\000t\000i\000o\000n\000s}{section.68}% 65
\BOOKMARK [2][-]{subsection.97}{\376\377\000F\000R\000-\0001\0000\000:\000\040\000D\000i\000s\000p\000u\000t\000e\000\040\000M\000a\000n\000a\000g\000e\000m\000e\000n\000t}{section.68}% 66
\BOOKMARK [2][-]{subsection.98}{\376\377\000F\000R\000-\0001\0001\000:\000\040\000M\000a\000c\000h\000i\000n\000e\000\040\000L\000e\000a\000r\000n\000i\000n\000g\000\040\000R\000e\000c\000o\000m\000m\000e\000n\000d\000a\000t\000i\000o\000n\000\040\000M\000o\000d\000u\000l\000e}{section.68}% 67
\BOOKMARK [2][-]{subsection.99}{\376\377\000F\000R\000-\0001\0002\000:\000\040\000C\000h\000a\000t\000b\000o\000t\000\040\000S\000u\000p\000p\000o\000r\000t}{section.68}% 68
\BOOKMARK [2][-]{subsection.100}{\376\377\000F\000R\000-\0001\0003\000:\000\040\000P\000a\000y\000m\000e\000n\000t\000\040\000S\000y\000s\000t\000e\000m}{section.68}% 69
\BOOKMARK [3][-]{subsubsection.101}{\376\377\000F\000R\000-\0001\0003\000.\0001\000:\000\040\000P\000a\000y\000m\000e\000n\000t\000\040\000M\000e\000t\000h\000o\000d\000s\000\040\000\046\000\040\000V\000a\000l\000i\000d\000a\000t\000i\000o\000n\000\040\000R\000u\000l\000e\000s}{subsection.100}% 70
\BOOKMARK [3][-]{subsubsection.102}{\376\377\000F\000R\000-\0001\0003\000.\0002\000:\000\040\000M\000a\000n\000u\000a\000l\000\040\000P\000a\000y\000m\000e\000n\000t\000\040\000C\000o\000n\000f\000i\000r\000m\000a\000t\000i\000o\000n}{subsection.100}% 71
\BOOKMARK [2][-]{subsection.103}{\376\377\000F\000R\000-\0001\0004\000:\000\040\000S\000a\000f\000e\000t\000y\000\040\000\046\000\040\000V\000e\000r\000i\000f\000i\000c\000a\000t\000i\000o\000n}{section.68}% 72
\BOOKMARK [2][-]{subsection.104}{\376\377\000F\000R\000-\0001\0005\000:\000\040\000S\000c\000a\000l\000a\000b\000i\000l\000i\000t\000y\000\040\000\046\000\040\000M\000o\000d\000u\000l\000a\000r\000\040\000A\000r\000c\000h\000i\000t\000e\000c\000t\000u\000r\000e}{section.68}% 73
\BOOKMARK [2][-]{subsection.105}{\376\377\000F\000R\000-\0001\0006\000:\000\040\000P\000o\000s\000t\000-\000B\000o\000o\000k\000i\000n\000g\000,\000\040\000L\000i\000v\000e\000-\000T\000r\000a\000c\000k\000i\000n\000g\000,\000\040\000P\000i\000c\000k\000u\000p\000\040\000V\000e\000r\000i\000f\000i\000c\000a\000t\000i\000o\000n}{section.68}% 74
\BOOKMARK [3][-]{subsubsection.106}{\376\377\000F\000R\000-\0001\0006\000.\0001\000:\000\040\000P\000o\000s\000t\000-\000b\000o\000o\000k\000i\000n\000g\000\040\000C\000h\000a\000t\000\040\000\050\0001\000:\0001\000\040\000\046\000\040\000B\000r\000o\000a\000d\000c\000a\000s\000t\000\051}{subsection.105}% 75
\BOOKMARK [3][-]{subsubsection.107}{\376\377\000F\000R\000-\0001\0006\000.\0002\000:\000\040\000P\000r\000e\000-\000R\000i\000d\000e\000\040\000R\000e\000m\000i\000n\000d\000e\000r\000\040\000\046\000\040\000L\000o\000c\000a\000t\000i\000o\000n\000\040\000P\000e\000r\000m\000i\000s\000s\000i\000o\000n}{subsection.105}% 76
\BOOKMARK [3][-]{subsubsection.108}{\376\377\000F\000R\000-\0001\0006\000.\0003\000:\000\040\000L\000i\000v\000e\000\040\000M\000a\000p\000\040\000\046\000\040\000S\000O\000S\000\040\000U\000I}{subsection.105}% 77
\BOOKMARK [3][-]{subsubsection.109}{\376\377\000F\000R\000-\0001\0006\000.\0004\000:\000\040\000P\000i\000c\000k\000u\000p\000\040\000C\000o\000d\000e\000\040\000G\000e\000n\000e\000r\000a\000t\000i\000o\000n\000\040\000\046\000\040\000V\000e\000r\000i\000f\000i\000c\000a\000t\000i\000o\000n}{subsection.105}% 78
\BOOKMARK [3][-]{subsubsection.110}{\376\377\000F\000R\000-\0001\0006\000.\0005\000:\000\040\000M\000a\000r\000k\000\040\000a\000s\000\040\000R\000e\000a\000c\000h\000e\000d\000,\000\040\000P\000a\000y\000m\000e\000n\000t\000\040\000\046\000\040\000R\000a\000t\000i\000n\000g\000s}{subsection.105}% 79
\BOOKMARK [3][-]{subsubsection.111}{\376\377\000F\000R\000-\0001\0006\000.\0006\000:\000\040\000R\000i\000d\000e\000\040\000C\000o\000m\000p\000l\000e\000t\000i\000o\000n\000\040\000R\000u\000l\000e\000s\000\040\000\046\000\040\000D\000r\000i\000v\000e\000r\000\040\000C\000o\000n\000s\000t\000r\000a\000i\000n\000t}{subsection.105}% 80
\BOOKMARK [3][-]{subsubsection.112}{\376\377\000F\000R\000-\0001\0006\000.\0007\000:\000\040\000S\000O\000S\000\040\000\046\000\040\000E\000m\000e\000r\000g\000e\000n\000c\000y\000\040\000W\000o\000r\000k\000f\000l\000o\000w\000s}{subsection.105}% 81
\BOOKMARK [3][-]{subsubsection.113}{\376\377\000F\000R\000-\0001\0006\000.\0008\000:\000\040\000E\000s\000c\000a\000l\000a\000t\000i\000o\000n\000\040\000T\000i\000m\000e\000r\000s\000\040\000\046\000\040\000N\000o\000t\000i\000f\000i\000c\000a\000t\000i\000o\000n\000s}{subsection.105}% 82
\BOOKMARK [3][-]{subsubsection.114}{\376\377\000F\000R\000-\0001\0006\000.\0009\000:\000\040\000A\000u\000d\000i\000t\000,\000\040\000L\000o\000g\000g\000i\000n\000g\000\040\000\046\000\040\000A\000n\000t\000i\000-\000F\000r\000a\000u\000d}{subsection.105}% 83
\BOOKMARK [3][-]{subsubsection.115}{\376\377\000F\000R\000-\0001\0006\000.\0001\0000\000:\000\040\000U\000X\000\040\000\046\000\040\000A\000c\000c\000e\000s\000s\000i\000b\000i\000l\000i\000t\000y\000\040\000R\000e\000q\000u\000i\000r\000e\000m\000e\000n\000t\000s}{subsection.105}% 84
\BOOKMARK [1][-]{section.116}{\376\377\000N\000o\000n\000-\000F\000u\000n\000c\000t\000i\000o\000n\000a\000l\000\040\000R\000e\000q\000u\000i\000r\000e\000m\000e\000n\000t\000s}{chapter.37}% 85
\BOOKMARK [2][-]{subsection.117}{\376\377\000P\000e\000r\000f\000o\000r\000m\000a\000n\000c\000e\000\040\000R\000e\000q\000u\000i\000r\000e\000m\000e\000n\000t\000s}{section.116}% 86
\BOOKMARK [2][-]{subsection.118}{\376\377\000S\000e\000c\000u\000r\000i\000t\000y\000\040\000R\000e\000q\000u\000i\000r\000e\000m\000e\000n\000t\000s}{section.116}% 87
\BOOKMARK [2][-]{subsection.119}{\376\377\000R\000e\000l\000i\000a\000b\000i\000l\000i\000t\000y\000\040\000R\000e\000q\000u\000i\000r\000e\000m\000e\000n\000t\000s}{section.116}% 88
\BOOKMARK [2][-]{subsection.120}{\376\377\000U\000s\000a\000b\000i\000l\000i\000t\000y\000\040\000R\000e\000q\000u\000i\000r\000e\000m\000e\000n\000t\000s}{section.116}% 89
\BOOKMARK [2][-]{subsection.121}{\376\377\000S\000c\000a\000l\000a\000b\000i\000l\000i\000t\000y\000\040\000R\000e\000q\000u\000i\000r\000e\000m\000e\000n\000t\000s}{section.116}% 90
\BOOKMARK [2][-]{subsection.122}{\376\377\000M\000a\000i\000n\000t\000a\000i\000n\000a\000b\000i\000l\000i\000t\000y\000\040\000R\000e\000q\000u\000i\000r\000e\000m\000e\000n\000t\000s}{section.116}% 91
\BOOKMARK [1][-]{section.123}{\376\377\000E\000x\000t\000e\000r\000n\000a\000l\000\040\000I\000n\000t\000e\000r\000f\000a\000c\000e\000\040\000R\000e\000q\000u\000i\000r\000e\000m\000e\000n\000t\000s}{chapter.37}% 92
\BOOKMARK [2][-]{subsection.124}{\376\377\000U\000s\000e\000r\000\040\000I\000n\000t\000e\000r\000f\000a\000c\000e\000\040\000R\000e\000q\000u\000i\000r\000e\000m\000e\000n\000t\000s}{section.123}% 93
\BOOKMARK [2][-]{subsection.125}{\376\377\000H\000a\000r\000d\000w\000a\000r\000e\000\040\000I\000n\000t\000e\000r\000f\000a\000c\000e\000\040\000R\000e\000q\000u\000i\000r\000e\000m\000e\000n\000t\000s}{section.123}% 94
\BOOKMARK [2][-]{subsection.126}{\376\377\000S\000o\000f\000t\000w\000a\000r\000e\000\040\000I\000n\000t\000e\000r\000f\000a\000c\000e\000\040\000R\000e\000q\000u\000i\000r\000e\000m\000e\000n\000t\000s}{section.123}% 95
\BOOKMARK [2][-]{subsection.127}{\376\377\000C\000o\000m\000m\000u\000n\000i\000c\000a\000t\000i\000o\000n\000\040\000I\000n\000t\000e\000r\000f\000a\000c\000e\000\040\000R\000e\000q\000u\000i\000r\000e\000m\000e\000n\000t\000s}{section.123}% 96
\BOOKMARK [1][-]{section.128}{\376\377\000A\000s\000s\000u\000m\000p\000t\000i\000o\000n\000s\000\040\000a\000n\000d\000\040\000D\000e\000p\000e\000n\000d\000e\000n\000c\000i\000e\000s}{chapter.37}% 97
\BOOKMARK [1][-]{section.129}{\376\377\000R\000e\000q\000u\000i\000r\000e\000m\000e\000n\000t\000\040\000T\000r\000a\000c\000e\000a\000b\000i\000l\000i\000t\000y\000\040\000M\000a\000t\000r\000i\000x}{chapter.37}% 98
\BOOKMARK [0][-]{chapter.130}{\376\377\000S\000o\000f\000t\000w\000a\000r\000e\000\040\000D\000e\000s\000i\000g\000n}{}% 99
\BOOKMARK [1][-]{section.131}{\376\377\000I\000n\000t\000r\000o\000d\000u\000c\000t\000i\000o\000n\000\040\000t\000o\000\040\000S\000o\000f\000t\000w\000a\000r\000e\000\040\000D\000e\000s\000i\000g\000n}{chapter.130}% 100
\BOOKMARK [1][-]{section.132}{\376\377\000D\000e\000s\000i\000g\000n\000\040\000M\000e\000t\000h\000o\000d\000o\000l\000o\000g\000y\000\040\000a\000n\000d\000\040\000S\000o\000f\000t\000w\000a\000r\000e\000\040\000P\000r\000o\000c\000e\000s\000s\000\040\000M\000o\000d\000e\000l}{chapter.130}% 101
\BOOKMARK [2][-]{subsection.133}{\376\377\000D\000e\000s\000i\000g\000n\000\040\000M\000e\000t\000h\000o\000d\000o\000l\000o\000g\000y}{section.132}% 102
\BOOKMARK [3][-]{subsubsection.134}{\376\377\000R\000e\000a\000s\000o\000n\000s\000\040\000b\000e\000h\000i\000n\000d\000\040\000t\000h\000e\000\040\000u\000s\000e\000\040\000o\000f\000\040\000O\000b\000j\000e\000c\000t\000-\000O\000r\000i\000e\000n\000t\000e\000d\000\040\000D\000e\000s\000i\000g\000n\000\040\000\050\000O\000O\000D\000\051}{subsection.133}% 103
\BOOKMARK [2][-]{subsection.135}{\376\377\000S\000o\000f\000t\000w\000a\000r\000e\000\040\000P\000r\000o\000c\000e\000s\000s\000\040\000M\000o\000d\000e\000l}{section.132}% 104
\BOOKMARK [3][-]{subsubsection.136}{\376\377\000J\000u\000s\000t\000i\000f\000i\000c\000a\000t\000i\000o\000n\000\040\000f\000o\000r\000\040\000U\000s\000i\000n\000g\000\040\000A\000g\000i\000l\000e\000/\000S\000c\000r\000u\000m}{subsection.135}% 105
\BOOKMARK [1][-]{section.137}{\376\377\000S\000y\000s\000t\000e\000m\000\040\000O\000v\000e\000r\000v\000i\000e\000w}{chapter.130}% 106
\BOOKMARK [2][-]{subsection.138}{\376\377\000E\000x\000t\000e\000r\000n\000a\000l\000\040\000A\000c\000t\000o\000r\000s}{section.137}% 107
\BOOKMARK [2][-]{subsection.139}{\376\377\000E\000x\000t\000e\000r\000n\000a\000l\000\040\000S\000e\000r\000v\000i\000c\000e\000s}{section.137}% 108
\BOOKMARK [2][-]{subsection.140}{\376\377\000B\000a\000c\000k\000e\000n\000d\000\040\000\050\000D\000j\000a\000n\000g\000o\000\040\000M\000V\000C\000\040\000+\000\040\000D\000R\000F\000\040\000+\000\040\000C\000h\000a\000n\000n\000e\000l\000s\000\051}{section.137}% 109
\BOOKMARK [2][-]{subsection.141}{\376\377\000D\000a\000t\000a\000b\000a\000s\000e\000\040\000\050\000P\000o\000s\000t\000g\000r\000e\000S\000Q\000L\000\051}{section.137}% 110
\BOOKMARK [2][-]{subsection.142}{\376\377\000C\000o\000n\000t\000e\000x\000t\000\040\000D\000i\000a\000g\000r\000a\000m}{section.137}% 111
\BOOKMARK [1][-]{section.145}{\376\377\000A\000r\000c\000h\000i\000t\000e\000c\000t\000u\000r\000a\000l\000\040\000D\000e\000s\000i\000g\000n}{chapter.130}% 112
\BOOKMARK [2][-]{subsection.146}{\376\377\000A\000r\000c\000h\000i\000t\000e\000c\000t\000u\000r\000e\000\040\000S\000t\000y\000l\000e\000\040\000\050\000M\000V\000C\000\040\000+\000\040\000M\000u\000l\000t\000i\000-\000t\000i\000e\000r\000\051}{section.145}% 113
\BOOKMARK [3][-]{subsubsection.147}{\376\377\000M\000V\000C\000\040\000A\000r\000c\000h\000i\000t\000e\000c\000t\000u\000r\000e\000\040\000\050\000w\000i\000t\000h\000i\000n\000\040\000D\000j\000a\000n\000g\000o\000\040\000b\000a\000c\000k\000e\000n\000d\000\040\000s\000e\000r\000v\000e\000r\000s\000\051}{subsection.146}% 114
\BOOKMARK [2][-]{subsection.150}{\376\377\000H\000i\000g\000h\000-\000L\000e\000v\000e\000l\000\040\000S\000y\000s\000t\000e\000m\000\040\000C\000o\000m\000p\000o\000n\000e\000n\000t\000s}{section.145}% 115
\BOOKMARK [2][-]{subsection.151}{\376\377\000M\000u\000l\000t\000i\000-\000T\000i\000e\000r\000\040\000D\000e\000p\000l\000o\000y\000m\000e\000n\000t\000\040\000A\000r\000c\000h\000i\000t\000e\000c\000t\000u\000r\000e}{section.145}% 116
\BOOKMARK [3][-]{subsubsection.152}{\376\377\000T\000i\000e\000r\000\040\0001\000\040\000-\000\040\000C\000l\000i\000e\000n\000t\000\040\000L\000a\000y\000e\000r}{subsection.151}% 117
\BOOKMARK [3][-]{subsubsection.153}{\376\377\000T\000i\000e\000r\000\040\0002\000\040\000-\000\040\000A\000p\000p\000l\000i\000c\000a\000t\000i\000o\000n\000\040\000L\000a\000y\000e\000r}{subsection.151}% 118
\BOOKMARK [3][-]{subsubsection.154}{\376\377\000T\000i\000e\000r\000\040\0003\000\040\000-\000\040\000E\000x\000t\000e\000r\000n\000a\000l\000\040\000S\000e\000r\000v\000i\000c\000e\000s\000\040\000L\000a\000y\000e\000r}{subsection.151}% 119
\BOOKMARK [3][-]{subsubsection.155}{\376\377\000T\000i\000e\000r\000\040\0004\000\040\000-\000\040\000D\000a\000t\000a\000\040\000L\000a\000y\000e\000r}{subsection.151}% 120
\BOOKMARK [2][-]{subsection.156}{\376\377\000E\000x\000t\000e\000r\000n\000a\000l\000\040\000S\000e\000r\000v\000i\000c\000e\000s\000\040\000I\000n\000t\000e\000g\000r\000a\000t\000i\000o\000n}{section.145}% 121
\BOOKMARK [3][-]{subsubsection.157}{\376\377\000M\000a\000p\000\040\000S\000e\000r\000v\000i\000c\000e}{subsection.156}% 122
\BOOKMARK [3][-]{subsubsection.158}{\376\377\000N\000o\000t\000i\000f\000i\000c\000a\000t\000i\000o\000n\000\040\000S\000e\000r\000v\000i\000c\000e}{subsection.156}% 123
\BOOKMARK [3][-]{subsubsection.159}{\376\377\000M\000L\000\040\000R\000e\000c\000o\000m\000m\000e\000n\000d\000a\000t\000i\000o\000n\000\040\000S\000e\000r\000v\000i\000c\000e}{subsection.156}% 124
\BOOKMARK [3][-]{subsubsection.160}{\376\377\000C\000h\000a\000t\000b\000o\000t\000\040\000S\000e\000r\000v\000i\000c\000e}{subsection.156}% 125
\BOOKMARK [3][-]{subsubsection.161}{\376\377\000S\000t\000o\000r\000a\000g\000e\000\040\000S\000e\000r\000v\000i\000c\000e}{subsection.156}% 126
\BOOKMARK [2][-]{subsection.162}{\376\377\000A\000r\000c\000h\000i\000t\000e\000c\000t\000u\000r\000e\000\040\000D\000i\000a\000g\000r\000a\000m}{section.145}% 127
\BOOKMARK [1][-]{section.165}{\376\377\000D\000e\000s\000i\000g\000n\000\040\000M\000o\000d\000e\000l\000s}{chapter.130}% 128
\BOOKMARK [2][-]{subsection.166}{\376\377\000A\000c\000t\000i\000v\000i\000t\000y\000\040\000D\000i\000a\000g\000r\000a\000m\000s}{section.165}% 129
\BOOKMARK [3][-]{subsubsection.167}{\376\377\000A\000u\000t\000h\000e\000n\000t\000i\000c\000a\000t\000i\000o\000n\000\040\000\046\000\040\000O\000n\000b\000o\000a\000r\000d\000i\000n\000g\000\040\000\050\000R\000e\000g\000i\000s\000t\000e\000r\000,\000\040\000O\000T\000P\000,\000\040\000A\000d\000m\000i\000n\000\040\000v\000e\000r\000i\000f\000y\000\051}{subsection.166}% 130
\BOOKMARK [3][-]{subsubsection.170}{\376\377\000D\000o\000c\000u\000m\000e\000n\000t\000\040\000M\000a\000n\000a\000g\000e\000m\000e\000n\000t\000\040\000\050\000u\000p\000l\000o\000a\000d\000s\000\040\000\046\000\040\000v\000e\000r\000i\000f\000i\000c\000a\000t\000i\000o\000n\000\051}{subsection.166}% 131
\BOOKMARK [3][-]{subsubsection.173}{\376\377\000V\000e\000h\000i\000c\000l\000e\000\040\000M\000a\000n\000a\000g\000e\000m\000e\000n\000t\000\040\000\050\000a\000d\000d\000/\000e\000d\000i\000t\000/\000d\000e\000l\000e\000t\000e\000\040\000v\000e\000h\000i\000c\000l\000e\000s\000\051}{subsection.166}% 132
\BOOKMARK [3][-]{subsubsection.176}{\376\377\000R\000i\000d\000e\000\040\000M\000a\000n\000a\000g\000e\000m\000e\000n\000t\000\040\000\050\000c\000r\000e\000a\000t\000e\000/\000e\000d\000i\000t\000/\000c\000a\000n\000c\000e\000l\000,\000\040\000r\000o\000u\000t\000e\000\040\000\046\000\040\000s\000t\000o\000p\000s\000\051}{subsection.166}% 133
\BOOKMARK [3][-]{subsubsection.179}{\376\377\000M\000a\000r\000k\000e\000t\000p\000l\000a\000c\000e\000\040\000/\000\040\000B\000r\000o\000w\000s\000e\000\040\000\046\000\040\000S\000e\000a\000r\000c\000h\000\040\000/\000\040\000R\000i\000d\000e\000\040\000D\000e\000t\000a\000i\000l\000s}{subsection.166}% 134
\BOOKMARK [3][-]{subsubsection.182}{\376\377\000B\000o\000o\000k\000i\000n\000g\000\040\000\046\000\040\000S\000e\000a\000t\000\040\000M\000a\000n\000a\000g\000e\000m\000e\000n\000t\000\040\000\050\000s\000e\000l\000e\000c\000t\000\040\000s\000e\000a\000t\000s\000,\000\040\000l\000o\000c\000k\000\040\000s\000e\000a\000t\000s\000\051}{subsection.166}% 135
\BOOKMARK [3][-]{subsubsection.185}{\376\377\000P\000o\000s\000t\000-\000B\000o\000o\000k\000i\000n\000g\000\040\000C\000h\000a\000t\000\040\000/\000\040\000M\000e\000s\000s\000a\000g\000i\000n\000g\000\040\000\046\000\040\000B\000r\000o\000a\000d\000c\000a\000s\000t}{subsection.166}% 136
\BOOKMARK [3][-]{subsubsection.188}{\376\377\000S\000c\000h\000e\000d\000u\000l\000e\000r\000\040\000/\000\040\000P\000r\000e\000-\000R\000i\000d\000e\000\040\000R\000e\000m\000i\000n\000d\000e\000r\000s\000\040\000\046\000\040\000P\000e\000r\000m\000i\000s\000s\000i\000o\000n\000\040\000P\000r\000o\000m\000p\000t}{subsection.166}% 137
\BOOKMARK [3][-]{subsubsection.191}{\376\377\000L\000i\000v\000e\000\040\000T\000r\000a\000c\000k\000i\000n\000g\000\040\000\046\000\040\000P\000i\000c\000k\000u\000p\000\040\000C\000o\000d\000e\000\040\000\050\000S\000t\000a\000r\000t\000\040\000R\000i\000d\000e\000\040\000/\000\040\000g\000e\000o\000f\000e\000n\000c\000e\000\051}{subsection.166}% 138
\BOOKMARK [3][-]{subsubsection.194}{\376\377\000P\000a\000y\000m\000e\000n\000t\000\040\000\046\000\040\000M\000a\000n\000u\000a\000l\000\040\000P\000a\000y\000m\000e\000n\000t\000\040\000C\000o\000n\000f\000i\000r\000m\000a\000t\000i\000o\000n\000\040\000\050\000c\000a\000s\000h\000\040\000/\000\040\000Q\000R\000\040\000/\000\040\000b\000a\000n\000k\000\040\000t\000r\000a\000n\000s\000f\000e\000r\000\051}{subsection.166}% 139
\BOOKMARK [3][-]{subsubsection.197}{\376\377\000R\000a\000t\000i\000n\000g\000s\000\040\000\046\000\040\000C\000o\000m\000p\000l\000e\000t\000i\000o\000n\000\040\000W\000o\000r\000k\000f\000l\000o\000w\000\040\000\050\000m\000a\000r\000k\000\040\000r\000e\000a\000c\000h\000e\000d\000,\000\040\000c\000o\000m\000p\000l\000e\000t\000e\000,\000\040\000r\000a\000t\000i\000n\000g\000\051}{subsection.166}% 140
\BOOKMARK [3][-]{subsubsection.200}{\376\377\000S\000O\000S\000\040\000/\000\040\000E\000m\000e\000r\000g\000e\000n\000c\000y\000\040\000\046\000\040\000I\000n\000c\000i\000d\000e\000n\000t\000\040\000M\000a\000n\000a\000g\000e\000m\000e\000n\000t}{subsection.166}% 141
\BOOKMARK [3][-]{subsubsection.203}{\376\377\000D\000i\000s\000p\000u\000t\000e\000\040\000M\000a\000n\000a\000g\000e\000m\000e\000n\000t\000\040\000\046\000\040\000A\000d\000m\000i\000n\000\040\000D\000a\000s\000h\000b\000o\000a\000r\000d\000\040\000\050\000v\000i\000e\000w\000\040\000\046\000\040\000r\000e\000s\000o\000l\000v\000e\000\040\000d\000i\000s\000p\000u\000t\000e\000s\000\051}{subsection.166}% 142
\BOOKMARK [2][-]{subsection.206}{\376\377\000C\000l\000a\000s\000s\000\040\000D\000i\000a\000g\000r\000a\000m}{section.165}% 143
\BOOKMARK [3][-]{subsubsection.209}{\376\377\000K\000e\000y\000\040\000C\000l\000a\000s\000s\000e\000s\000\040\000a\000n\000d\000\040\000R\000e\000s\000p\000o\000n\000s\000i\000b\000i\000l\000i\000t\000i\000e\000s}{subsection.206}% 144
\BOOKMARK [3][-]{subsubsection.210}{\376\377\000R\000e\000l\000a\000t\000i\000o\000n\000s\000h\000i\000p\000s}{subsection.206}% 145
\BOOKMARK [2][-]{subsection.211}{\376\377\000S\000e\000q\000u\000e\000n\000c\000e\000\040\000D\000i\000a\000g\000r\000a\000m\000s}{section.165}% 146
\BOOKMARK [3][-]{subsubsection.212}{\376\377\000S\000e\000q\000u\000e\000n\000c\000e\000\040\000D\000i\000a\000g\000r\000a\000m\000\040\040\023\000\040\000A\000u\000t\000h\000e\000n\000t\000i\000c\000a\000t\000i\000o\000n\000\040\000\050\000L\000o\000g\000i\000n\000/\000S\000i\000g\000n\000u\000p\000\051}{subsection.211}% 147
\BOOKMARK [3][-]{subsubsection.215}{\376\377\000S\000e\000q\000u\000e\000n\000c\000e\000\040\000D\000i\000a\000g\000r\000a\000m\000\040\040\023\000\040\000R\000i\000d\000e\000\040\000P\000o\000s\000t\000i\000n\000g}{subsection.211}% 148
\BOOKMARK [3][-]{subsubsection.218}{\376\377\000S\000e\000q\000u\000e\000n\000c\000e\000\040\000D\000i\000a\000g\000r\000a\000m\000\040\040\023\000\040\000B\000o\000o\000k\000i\000n\000g\000\040\000+\000\040\000D\000r\000i\000v\000e\000r\000\040\000A\000c\000c\000e\000p\000t\000a\000n\000c\000e}{subsection.211}% 149
\BOOKMARK [3][-]{subsubsection.221}{\376\377\000S\000e\000q\000u\000e\000n\000c\000e\000\040\000D\000i\000a\000g\000r\000a\000m\000\040\040\023\000\040\000L\000i\000v\000e\000\040\000T\000r\000a\000c\000k\000i\000n\000g\000\040\000+\000\040\000R\000i\000d\000e\000\040\000C\000o\000m\000p\000l\000e\000t\000i\000o\000n\000\040\000+\000\040\000P\000a\000y\000m\000e\000n\000t}{subsection.211}% 150
\BOOKMARK [2][-]{subsection.224}{\376\377\000S\000t\000a\000t\000e\000\040\000T\000r\000a\000n\000s\000i\000t\000i\000o\000n\000\040\000D\000i\000a\000g\000r\000a\000m\000s}{section.165}% 151
\BOOKMARK [3][-]{subsubsection.225}{\376\377\000S\000t\000a\000t\000e\000\040\000T\000r\000a\000n\000s\000i\000t\000i\000o\000n\000\040\000D\000i\000a\000g\000r\000a\000m\000\040\040\023\000\040\000R\000i\000d\000e\000\040\000R\000e\000q\000u\000e\000s\000t\000\040\000a\000n\000d\000\040\000B\000o\000o\000k\000i\000n\000g}{subsection.224}% 152
\BOOKMARK [3][-]{subsubsection.228}{\376\377\000S\000t\000a\000t\000e\000\040\000T\000r\000a\000n\000s\000i\000t\000i\000o\000n\000\040\000D\000i\000a\000g\000r\000a\000m\000\040\040\023\000\040\000D\000r\000i\000v\000e\000r\000\040\000S\000t\000a\000t\000e\000s}{subsection.224}% 153
\BOOKMARK [3][-]{subsubsection.231}{\376\377\000S\000t\000a\000t\000e\000\040\000T\000r\000a\000n\000s\000i\000t\000i\000o\000n\000\040\000D\000i\000a\000g\000r\000a\000m\000\040\040\023\000\040\000P\000a\000s\000s\000e\000n\000g\000e\000r\000\040\000S\000t\000a\000t\000e\000s}{subsection.224}% 154
\BOOKMARK [3][-]{subsubsection.234}{\376\377\000S\000t\000a\000t\000e\000\040\000T\000r\000a\000n\000s\000i\000t\000i\000o\000n\000\040\000D\000i\000a\000g\000r\000a\000m\000\040\040\023\000\040\000S\000O\000S\000\040\000S\000t\000a\000t\000e\000s}{subsection.224}% 155
\BOOKMARK [3][-]{subsubsection.237}{\376\377\000C\000o\000m\000p\000l\000a\000i\000n\000t\000\040\000a\000n\000d\000\040\000D\000i\000s\000p\000u\000t\000e\000\040\000S\000t\000a\000t\000e\000s\000\040\000M\000a\000c\000h\000i\000n\000e}{subsection.224}% 156
\BOOKMARK [1][-]{section.240}{\376\377\000D\000a\000t\000a\000\040\000F\000l\000o\000w\000\040\000D\000i\000a\000g\000r\000a\000m\000s}{chapter.130}% 157
\BOOKMARK [2][-]{subsection.241}{\376\377\000L\000e\000v\000e\000l\000\040\0001\000\040\000D\000a\000t\000a\000\040\000F\000l\000o\000w\000\040\000D\000i\000a\000g\000r\000a\000m\000s}{section.240}% 158
\BOOKMARK [3][-]{subsubsection.242}{\376\377\000A\000u\000t\000h\000e\000n\000t\000i\000c\000a\000t\000i\000o\000n\000\040\000\046\000\040\000O\000n\000b\000o\000a\000r\000d\000i\000n\000g\000\040\000\050\000R\000e\000g\000i\000s\000t\000e\000r\000,\000\040\000O\000T\000P\000,\000\040\000A\000d\000m\000i\000n\000\040\000v\000e\000r\000i\000f\000y\000\051}{subsection.241}% 159
\BOOKMARK [3][-]{subsubsection.245}{\376\377\000D\000o\000c\000u\000m\000e\000n\000t\000\040\000M\000a\000n\000a\000g\000e\000m\000e\000n\000t\000\040\000\050\000u\000p\000l\000o\000a\000d\000s\000\040\000\046\000\040\000v\000e\000r\000i\000f\000i\000c\000a\000t\000i\000o\000n\000\051}{subsection.241}% 160
\BOOKMARK [3][-]{subsubsection.248}{\376\377\000V\000e\000h\000i\000c\000l\000e\000\040\000M\000a\000n\000a\000g\000e\000m\000e\000n\000t\000\040\000\050\000a\000d\000d\000/\000e\000d\000i\000t\000/\000d\000e\000l\000e\000t\000e\000\040\000v\000e\000h\000i\000c\000l\000e\000s\000\051}{subsection.241}% 161
\BOOKMARK [3][-]{subsubsection.251}{\376\377\000R\000i\000d\000e\000\040\000M\000a\000n\000a\000g\000e\000m\000e\000n\000t\000\040\000\050\000c\000r\000e\000a\000t\000e\000/\000e\000d\000i\000t\000/\000c\000a\000n\000c\000e\000l\000,\000\040\000r\000o\000u\000t\000e\000\040\000\046\000\040\000s\000t\000o\000p\000s\000\051}{subsection.241}% 162
\BOOKMARK [3][-]{subsubsection.254}{\376\377\000M\000a\000r\000k\000e\000t\000p\000l\000a\000c\000e\000\040\000/\000\040\000B\000r\000o\000w\000s\000e\000\040\000\046\000\040\000S\000e\000a\000r\000c\000h\000\040\000/\000\040\000R\000i\000d\000e\000\040\000D\000e\000t\000a\000i\000l\000s}{subsection.241}% 163
\BOOKMARK [3][-]{subsubsection.257}{\376\377\000B\000o\000o\000k\000i\000n\000g\000\040\000\046\000\040\000S\000e\000a\000t\000\040\000M\000a\000n\000a\000g\000e\000m\000e\000n\000t\000\040\000\050\000s\000e\000l\000e\000c\000t\000\040\000s\000e\000a\000t\000s\000,\000\040\000l\000o\000c\000k\000\040\000s\000e\000a\000t\000s\000\051}{subsection.241}% 164
\BOOKMARK [3][-]{subsubsection.260}{\376\377\000P\000o\000s\000t\000-\000B\000o\000o\000k\000i\000n\000g\000\040\000C\000h\000a\000t\000\040\000/\000\040\000M\000e\000s\000s\000a\000g\000i\000n\000g\000\040\000\046\000\040\000B\000r\000o\000a\000d\000c\000a\000s\000t}{subsection.241}% 165
\BOOKMARK [3][-]{subsubsection.263}{\376\377\000S\000c\000h\000e\000d\000u\000l\000e\000r\000\040\000/\000\040\000P\000r\000e\000-\000R\000i\000d\000e\000\040\000R\000e\000m\000i\000n\000d\000e\000r\000s\000\040\000\046\000\040\000P\000e\000r\000m\000i\000s\000s\000i\000o\000n\000\040\000P\000r\000o\000m\000p\000t}{subsection.241}% 166
\BOOKMARK [3][-]{subsubsection.266}{\376\377\000L\000i\000v\000e\000\040\000T\000r\000a\000c\000k\000i\000n\000g\000\040\000\046\000\040\000P\000i\000c\000k\000u\000p\000\040\000C\000o\000d\000e\000\040\000\050\000S\000t\000a\000r\000t\000\040\000R\000i\000d\000e\000\040\000/\000\040\000g\000e\000o\000f\000e\000n\000c\000e\000\051}{subsection.241}% 167
\BOOKMARK [3][-]{subsubsection.269}{\376\377\000P\000a\000y\000m\000e\000n\000t\000\040\000\046\000\040\000M\000a\000n\000u\000a\000l\000\040\000P\000a\000y\000m\000e\000n\000t\000\040\000C\000o\000n\000f\000i\000r\000m\000a\000t\000i\000o\000n}{subsection.241}% 168
\BOOKMARK [3][-]{subsubsection.272}{\376\377\000R\000a\000t\000i\000n\000g\000s\000\040\000\046\000\040\000C\000o\000m\000p\000l\000e\000t\000i\000o\000n\000\040\000W\000o\000r\000k\000f\000l\000o\000w}{subsection.241}% 169
\BOOKMARK [3][-]{subsubsection.275}{\376\377\000S\000O\000S\000\040\000/\000\040\000E\000m\000e\000r\000g\000e\000n\000c\000y\000\040\000\046\000\040\000I\000n\000c\000i\000d\000e\000n\000t\000\040\000M\000a\000n\000a\000g\000e\000m\000e\000n\000t}{subsection.241}% 170
\BOOKMARK [3][-]{subsubsection.278}{\376\377\000D\000i\000s\000p\000u\000t\000e\000\040\000M\000a\000n\000a\000g\000e\000m\000e\000n\000t\000\040\000\046\000\040\000A\000d\000m\000i\000n\000\040\000D\000a\000s\000h\000b\000o\000a\000r\000d}{subsection.241}% 171
\BOOKMARK [3][-]{subsubsection.281}{\376\377\000N\000o\000t\000i\000f\000i\000c\000a\000t\000i\000o\000n\000\040\000S\000e\000r\000v\000i\000c\000e}{subsection.241}% 172
\BOOKMARK [3][-]{subsubsection.284}{\376\377\000R\000e\000c\000o\000m\000m\000e\000n\000d\000a\000t\000i\000o\000n\000\040\000\050\000M\000L\000\051\000\040\000S\000e\000r\000v\000i\000c\000e}{subsection.241}% 173
\BOOKMARK [3][-]{subsubsection.287}{\376\377\000S\000m\000a\000r\000t\000\040\000C\000h\000a\000t\000b\000o\000t\000\040\000S\000u\000p\000p\000o\000r\000t}{subsection.241}% 174
\BOOKMARK [3][-]{subsubsection.290}{\376\377\000A\000u\000d\000i\000t\000\040\000/\000\040\000L\000o\000g\000g\000i\000n\000g\000\040\000/\000\040\000A\000n\000a\000l\000y\000t\000i\000c\000s}{subsection.241}% 175
\BOOKMARK [1][-]{section.293}{\376\377\000D\000a\000t\000a\000\040\000D\000e\000s\000i\000g\000n}{chapter.130}% 176
\BOOKMARK [2][-]{subsection.294}{\376\377\000E\000n\000t\000i\000t\000y\000\040\000R\000e\000l\000a\000t\000i\000o\000n\000s\000h\000i\000p\000\040\000D\000i\000a\000g\000r\000a\000m\000\040\000\050\000E\000R\000D\000\051}{section.293}% 177
\BOOKMARK [2][-]{subsection.297}{\376\377\000D\000a\000t\000a\000b\000a\000s\000e\000\040\000A\000r\000c\000h\000i\000t\000e\000c\000t\000u\000r\000e}{section.293}% 178
\BOOKMARK [1][-]{section.298}{\376\377\000D\000a\000t\000a\000b\000a\000s\000e\000\040\000S\000c\000h\000e\000m\000a\000\040\000D\000i\000a\000g\000r\000a\000m}{chapter.130}% 179
\BOOKMARK [2][-]{subsection.301}{\376\377\000D\000a\000t\000a\000\040\000D\000i\000c\000t\000i\000o\000n\000a\000r\000y}{section.298}% 180
\BOOKMARK [1][-]{section.328}{\376\377\000D\000a\000t\000a\000b\000a\000s\000e\000\040\000T\000a\000b\000l\000e\000s\000\040\000/\000\040\000C\000o\000l\000l\000e\000c\000t\000i\000o\000n\000s}{chapter.130}% 181
\BOOKMARK [2][-]{subsection.329}{\376\377\000U\000s\000e\000r\000\040\000C\000o\000l\000l\000e\000c\000t\000i\000o\000n\000\040\000/\000\040\000T\000a\000b\000l\000e}{section.328}% 182
\BOOKMARK [2][-]{subsection.332}{\376\377\000C\000o\000r\000e\000\040\000D\000a\000t\000a\000\040\000C\000o\000l\000l\000e\000c\000t\000i\000o\000n}{section.328}% 183
\BOOKMARK [3][-]{subsubsection.333}{\376\377\000P\000a\000s\000s\000e\000n\000g\000e\000r\000\040\000D\000a\000t\000a\000\040\000\050\000U\000s\000e\000r\000s\000D\000a\000t\000a\000\051}{subsection.332}% 184
\BOOKMARK [3][-]{subsubsection.336}{\376\377\000D\000r\000i\000v\000e\000r\000\040\000D\000a\000t\000a\000\040\000\050\000U\000s\000e\000r\000s\000D\000a\000t\000a\000\051}{subsection.332}% 185
\BOOKMARK [3][-]{subsubsection.339}{\376\377\000V\000e\000h\000i\000c\000l\000e\000\040\000T\000a\000b\000l\000e}{subsection.332}% 186
\BOOKMARK [3][-]{subsubsection.342}{\376\377\000R\000o\000u\000t\000e\000\040\000T\000a\000b\000l\000e}{subsection.332}% 187
\BOOKMARK [3][-]{subsubsection.345}{\376\377\000B\000o\000o\000k\000i\000n\000g\000\040\000T\000a\000b\000l\000e}{subsection.332}% 188
\BOOKMARK [3][-]{subsubsection.348}{\376\377\000T\000r\000i\000p\000\040\000T\000a\000b\000l\000e}{subsection.332}% 189
\BOOKMARK [3][-]{subsubsection.351}{\376\377\000T\000r\000i\000p\000P\000a\000y\000m\000e\000n\000t\000\040\000T\000a\000b\000l\000e}{subsection.332}% 190
\BOOKMARK [3][-]{subsubsection.354}{\376\377\000S\000o\000s\000I\000n\000c\000i\000d\000e\000n\000t\000\040\000T\000a\000b\000l\000e}{subsection.332}% 191
\BOOKMARK [3][-]{subsubsection.357}{\376\377\000E\000m\000e\000r\000g\000e\000n\000c\000y\000C\000o\000n\000t\000a\000c\000t\000\040\000T\000a\000b\000l\000e}{subsection.332}% 192
\BOOKMARK [3][-]{subsubsection.360}{\376\377\000C\000h\000a\000t\000M\000e\000s\000s\000a\000g\000e\000\040\000T\000a\000b\000l\000e}{subsection.332}% 193
\BOOKMARK [2][-]{subsection.363}{\376\377\000R\000e\000l\000a\000t\000i\000o\000n\000s\000h\000i\000p\000s\000\040\000B\000e\000t\000w\000e\000e\000n\000\040\000T\000a\000b\000l\000e\000s}{section.328}% 194
\BOOKMARK [2][-]{subsection.364}{\376\377\000S\000e\000c\000u\000r\000i\000t\000y\000\040\000a\000n\000d\000\040\000D\000a\000t\000a\000\040\000I\000n\000t\000e\000g\000r\000i\000t\000y}{section.328}% 195
\BOOKMARK [2][-]{subsection.365}{\376\377\000S\000c\000a\000l\000a\000b\000i\000l\000i\000t\000y\000\040\000C\000o\000n\000s\000i\000d\000e\000r\000a\000t\000i\000o\000n\000s}{section.328}% 196
\BOOKMARK [1][-]{section.366}{\376\377\000C\000h\000a\000p\000t\000e\000r\000\040\000S\000u\000m\000m\000a\000r\000y}{chapter.130}% 197
\BOOKMARK [0][-]{chapter.367}{\376\377\000I\000m\000p\000l\000e\000m\000e\000n\000t\000a\000t\000i\000o\000n}{}% 198
\BOOKMARK [1][-]{section.368}{\376\377\000D\000e\000v\000e\000l\000o\000p\000m\000e\000n\000t\000\040\000E\000n\000v\000i\000r\000o\000n\000m\000e\000n\000t}{chapter.367}% 199
\BOOKMARK [1][-]{section.369}{\376\377\000C\000o\000r\000e\000\040\000M\000o\000d\000u\000l\000e\000\040\000I\000m\000p\000l\000e\000m\000e\000n\000t\000a\000t\000i\000o\000n}{chapter.367}% 200
\BOOKMARK [2][-]{subsection.370}{\376\377\000M\000o\000d\000u\000l\000e\000\040\0001\000:\000\040\000A\000u\000t\000h\000e\000n\000t\000i\000c\000a\000t\000i\000o\000n\000\040\000\046\000\040\000V\000e\000r\000i\000f\000i\000c\000a\000t\000i\000o\000n\000\040\000M\000o\000d\000u\000l\000e}{section.369}% 201
\BOOKMARK [2][-]{subsection.371}{\376\377\000M\000o\000d\000u\000l\000e\000\040\0002\000:\000\040\000R\000i\000d\000e\000\040\000M\000a\000n\000a\000g\000e\000m\000e\000n\000t\000\040\000M\000o\000d\000u\000l\000e}{section.369}% 202
\BOOKMARK [2][-]{subsection.372}{\376\377\000M\000o\000d\000u\000l\000e\000\040\0003\000:\000\040\000B\000o\000o\000k\000i\000n\000g\000\040\000\046\000\040\000P\000a\000y\000m\000e\000n\000t\000\040\000M\000o\000d\000u\000l\000e}{section.369}% 203
\BOOKMARK [2][-]{subsection.373}{\376\377\000M\000o\000d\000u\000l\000e\000\040\0004\000:\000\040\000L\000i\000v\000e\000\040\000T\000r\000a\000c\000k\000i\000n\000g\000\040\000\046\000\040\000S\000a\000f\000e\000t\000y\000\040\000M\000o\000d\000u\000l\000e}{section.369}% 204
\BOOKMARK [2][-]{subsection.374}{\376\377\000M\000o\000d\000u\000l\000e\000\040\0005\000:\000\040\000A\000d\000m\000i\000n\000\040\000P\000o\000r\000t\000a\000l\000\040\000M\000o\000d\000u\000l\000e}{section.369}% 205
\BOOKMARK [1][-]{section.375}{\376\377\000A\000l\000g\000o\000r\000i\000t\000h\000m\000i\000c\000\040\000I\000m\000p\000l\000e\000m\000e\000n\000t\000a\000t\000i\000o\000n}{chapter.367}% 206
\BOOKMARK [2][-]{subsection.376}{\376\377\000A\000l\000g\000o\000r\000i\000t\000h\000m\000\040\0001\000:\000\040\000U\000s\000e\000r\000\040\000R\000e\000g\000i\000s\000t\000r\000a\000t\000i\000o\000n\000\040\000\046\000\040\000V\000e\000r\000i\000f\000i\000c\000a\000t\000i\000o\000n}{section.375}% 207
\BOOKMARK [2][-]{subsection.378}{\376\377\000A\000l\000g\000o\000r\000i\000t\000h\000m\000\040\0002\000:\000\040\000R\000i\000d\000e\000\040\000C\000r\000e\000a\000t\000i\000o\000n\000\040\000\046\000\040\000F\000a\000r\000e\000\040\000C\000a\000l\000c\000u\000l\000a\000t\000i\000o\000n}{section.375}% 208
\BOOKMARK [2][-]{subsection.380}{\376\377\000A\000l\000g\000o\000r\000i\000t\000h\000m\000\040\0003\000:\000\040\000R\000i\000d\000e\000\040\000B\000o\000o\000k\000i\000n\000g\000\040\000\046\000\040\000S\000e\000a\000t\000\040\000L\000o\000c\000k\000i\000n\000g}{section.375}% 209
\BOOKMARK [2][-]{subsection.382}{\376\377\000A\000l\000g\000o\000r\000i\000t\000h\000m\000\040\0004\000:\000\040\000L\000i\000v\000e\000\040\000T\000r\000a\000c\000k\000i\000n\000g\000\040\000\046\000\040\000P\000i\000c\000k\000u\000p\000\040\000O\000T\000P\000\040\000G\000e\000n\000e\000r\000a\000t\000i\000o\000n}{section.375}% 210
\BOOKMARK [2][-]{subsection.384}{\376\377\000A\000l\000g\000o\000r\000i\000t\000h\000m\000\040\0005\000:\000\040\000S\000O\000S\000\040\000E\000s\000c\000a\000l\000a\000t\000i\000o\000n\000\040\000L\000o\000g\000i\000c}{section.375}% 211
\BOOKMARK [2][-]{subsection.386}{\376\377\000A\000l\000g\000o\000r\000i\000t\000h\000m\000\040\0006\000:\000\040\000M\000L\000\040\000R\000i\000d\000e\000\040\000R\000e\000c\000o\000m\000m\000e\000n\000d\000a\000t\000i\000o\000n\000\040\000\050\000C\000o\000n\000t\000e\000n\000t\000-\000B\000a\000s\000e\000d\000\040\000F\000i\000l\000t\000e\000r\000i\000n\000g\000\051}{section.375}% 212
\BOOKMARK [2][-]{subsection.388}{\376\377\000A\000l\000g\000o\000r\000i\000t\000h\000m\000\040\0007\000:\000\040\000R\000o\000u\000t\000e\000\040\000E\000T\000A\000\040\000C\000a\000l\000c\000u\000l\000a\000t\000i\000o\000n}{section.375}% 213
\BOOKMARK [2][-]{subsection.390}{\376\377\000A\000l\000g\000o\000r\000i\000t\000h\000m\000\040\0008\000:\000\040\000A\000u\000t\000o\000m\000a\000t\000e\000d\000\040\000T\000r\000i\000p\000\040\000A\000r\000c\000h\000i\000v\000i\000n\000g\000\040\000\046\000\040\000D\000a\000t\000a\000\040\000C\000o\000n\000d\000e\000n\000s\000a\000t\000i\000o\000n}{section.375}% 214
\BOOKMARK [2][-]{subsection.392}{\376\377\000A\000l\000g\000o\000r\000i\000t\000h\000m\000\040\0009\000:\000\040\000P\000o\000l\000y\000l\000i\000n\000e\000\040\000D\000e\000c\000o\000d\000i\000n\000g\000\040\000f\000o\000r\000\040\000R\000o\000u\000t\000e\000\040\000G\000e\000o\000m\000e\000t\000r\000y}{section.375}% 215
\BOOKMARK [2][-]{subsection.394}{\376\377\000A\000l\000g\000o\000r\000i\000t\000h\000m\000\040\0001\0000\000:\000\040\000R\000i\000d\000e\000\040\000F\000a\000r\000e\000\040\000N\000e\000g\000o\000t\000i\000a\000t\000i\000o\000n\000\040\000P\000r\000o\000t\000o\000c\000o\000l}{section.375}% 216
\BOOKMARK [2][-]{subsection.396}{\376\377\000A\000l\000g\000o\000r\000i\000t\000h\000m\000\040\0001\0001\000:\000\040\000P\000r\000i\000o\000r\000i\000t\000y\000\040\000A\000s\000y\000n\000c\000h\000r\000o\000n\000o\000u\000s\000\040\000P\000u\000s\000h\000\040\000N\000o\000t\000i\000f\000i\000c\000a\000t\000i\000o\000n\000s\000\040\000D\000i\000s\000p\000a\000t\000c\000h}{section.375}% 217
\BOOKMARK [2][-]{subsection.398}{\376\377\000A\000l\000g\000o\000r\000i\000t\000h\000m\000\040\0001\0002\000:\000\040\000P\000a\000s\000s\000e\000n\000g\000e\000r\000\040\000V\000e\000r\000i\000f\000i\000c\000a\000t\000i\000o\000n\000\040\000G\000u\000a\000r\000d\000\040\000A\000n\000t\000i\000-\000F\000r\000a\000u\000d\000\040\000L\000o\000g\000i\000c}{section.375}% 218
\BOOKMARK [2][-]{subsection.400}{\376\377\000A\000l\000g\000o\000r\000i\000t\000h\000m\000\040\0001\0003\000:\000\040\000P\000a\000s\000s\000e\000n\000g\000e\000r\000\040\000B\000l\000a\000c\000k\000l\000i\000s\000t\000i\000n\000g\000\040\000P\000r\000o\000t\000o\000c\000o\000l}{section.375}% 219
\BOOKMARK [2][-]{subsection.402}{\376\377\000A\000l\000g\000o\000r\000i\000t\000h\000m\000\040\0001\0004\000:\000\040\000I\000n\000-\000R\000i\000d\000e\000\040\000C\000h\000a\000t\000\040\000S\000y\000n\000c\000h\000r\000o\000n\000i\000z\000a\000t\000i\000o\000n\000\040\000a\000n\000d\000\040\000B\000r\000o\000a\000d\000c\000a\000s\000t}{section.375}% 220
\BOOKMARK [2][-]{subsection.404}{\376\377\000A\000l\000g\000o\000r\000i\000t\000h\000m\000\040\0001\0005\000:\000\040\000P\000o\000s\000t\000-\000T\000r\000i\000p\000\040\000R\000a\000t\000i\000n\000g\000\040\000A\000g\000g\000r\000e\000g\000a\000t\000i\000o\000n\000\040\000\046\000\040\000R\000e\000p\000u\000t\000a\000t\000i\000o\000n\000\040\000U\000p\000d\000a\000t\000e}{section.375}% 221
\BOOKMARK [1][-]{section.406}{\376\377\000E\000x\000t\000e\000r\000n\000a\000l\000\040\000A\000P\000I\000s\000\040\000/\000\040\000S\000D\000K\000s}{chapter.367}% 222
\BOOKMARK [1][-]{section.409}{\376\377\000U\000s\000e\000r\000\040\000I\000n\000t\000e\000r\000f\000a\000c\000e\000\040\000I\000m\000p\000l\000e\000m\000e\000n\000t\000a\000t\000i\000o\000n}{chapter.367}% 223
\BOOKMARK [2][-]{subsection.410}{\376\377\000U\000I\000\040\000D\000e\000s\000i\000g\000n\000\040\000A\000p\000p\000r\000o\000a\000c\000h}{section.409}% 224
\BOOKMARK [2][-]{subsection.411}{\376\377\000S\000c\000r\000e\000e\000n\000-\000w\000i\000s\000e\000\040\000I\000m\000p\000l\000e\000m\000e\000n\000t\000a\000t\000i\000o\000n}{section.409}% 225
\BOOKMARK [3][-]{subsubsection.412}{\376\377\000S\000c\000r\000e\000e\000n\000\040\0001\000:\000\040\000S\000i\000g\000n\000u\000p\000\040\000P\000e\000r\000s\000o\000n\000a\000l\000\040\000I\000n\000f\000o}{subsection.411}% 226
\BOOKMARK [3][-]{subsubsection.417}{\376\377\000S\000c\000r\000e\000e\000n\000\040\0002\000:\000\040\000S\000i\000g\000n\000u\000p\000\040\000E\000m\000e\000r\000g\000e\000n\000c\000y\000\040\000C\000o\000n\000t\000a\000c\000t}{subsection.411}% 227
\BOOKMARK [3][-]{subsubsection.422}{\376\377\000S\000c\000r\000e\000e\000n\000\040\0003\000:\000\040\000O\000t\000p\000\040\000V\000e\000r\000i\000f\000i\000c\000a\000t\000i\000o\000n}{subsection.411}% 228
\BOOKMARK [3][-]{subsubsection.427}{\376\377\000S\000c\000r\000e\000e\000n\000\040\0004\000:\000\040\000D\000r\000i\000v\000e\000r\000\040\000L\000i\000c\000e\000n\000s\000e\000\040\000V\000e\000h\000i\000c\000l\000e\000\040\000I\000n\000f\000o}{subsection.411}% 229
\BOOKMARK [3][-]{subsubsection.432}{\376\377\000S\000c\000r\000e\000e\000n\000\040\0005\000:\000\040\000E\000d\000i\000t\000\040\000D\000r\000i\000v\000i\000n\000g\000\040\000L\000i\000c\000e\000n\000s\000e}{subsection.411}% 230
\BOOKMARK [3][-]{subsubsection.437}{\376\377\000S\000c\000r\000e\000e\000n\000\040\0006\000:\000\040\000V\000e\000h\000i\000c\000l\000e\000\040\000D\000e\000t\000a\000i\000l\000s\000\040\000C\000a\000r\000d}{subsection.411}% 231
\BOOKMARK [3][-]{subsubsection.442}{\376\377\000S\000c\000r\000e\000e\000n\000\040\0007\000:\000\040\000L\000o\000g\000i\000n\000\040\000S\000c\000r\000e\000e\000n}{subsection.411}% 232
\BOOKMARK [3][-]{subsubsection.450}{\376\377\000S\000c\000r\000e\000e\000n\000\040\0008\000:\000\040\000C\000r\000e\000a\000t\000e\000\040\000R\000o\000u\000t\000e\000\040\000S\000e\000a\000r\000c\000h\000\040\000L\000o\000c\000a\000t\000i\000o\000n}{subsection.411}% 233
\BOOKMARK [3][-]{subsubsection.455}{\376\377\000S\000c\000r\000e\000e\000n\000\040\0009\000:\000\040\000C\000r\000e\000a\000t\000e\000\040\000R\000o\000u\000t\000e\000\040\000M\000a\000p\000\040\000V\000i\000e\000w}{subsection.411}% 234
\BOOKMARK [3][-]{subsubsection.460}{\376\377\000S\000c\000r\000e\000e\000n\000\040\0001\0000\000:\000\040\000C\000r\000e\000a\000t\000e\000\040\000R\000o\000u\000t\000e\000\040\000A\000d\000d\000\040\000S\000t\000o\000p}{subsection.411}% 235
\BOOKMARK [3][-]{subsubsection.465}{\376\377\000S\000c\000r\000e\000e\000n\000\040\0001\0001\000:\000\040\000C\000r\000e\000a\000t\000e\000\040\000R\000i\000d\000e\000\040\000S\000e\000l\000e\000c\000t\000\040\000T\000i\000m\000e}{subsection.411}% 236
\BOOKMARK [3][-]{subsubsection.470}{\376\377\000S\000c\000r\000e\000e\000n\000\040\0001\0002\000:\000\040\000C\000r\000e\000a\000t\000e\000\040\000R\000i\000d\000e\000\040\000S\000e\000l\000e\000c\000t\000\040\000S\000e\000a\000t\000s}{subsection.411}% 237
\BOOKMARK [3][-]{subsubsection.475}{\376\377\000S\000c\000r\000e\000e\000n\000\040\0001\0003\000:\000\040\000C\000r\000e\000a\000t\000e\000\040\000R\000i\000d\000e\000\040\000G\000e\000n\000d\000e\000r\000\040\000P\000r\000e\000f\000e\000r\000e\000n\000c\000e}{subsection.411}% 238
\BOOKMARK [3][-]{subsubsection.480}{\376\377\000S\000c\000r\000e\000e\000n\000\040\0001\0004\000:\000\040\000C\000r\000e\000a\000t\000e\000\040\000R\000i\000d\000e\000\040\000E\000d\000i\000t\000\040\000S\000t\000o\000p\000\040\000P\000r\000i\000c\000e}{subsection.411}% 239
\BOOKMARK [3][-]{subsubsection.485}{\376\377\000S\000c\000r\000e\000e\000n\000\040\0001\0005\000:\000\040\000C\000r\000e\000a\000t\000e\000\040\000R\000i\000d\000e\000\040\000T\000o\000t\000a\000l\000\040\000P\000r\000i\000c\000e}{subsection.411}% 240
\BOOKMARK [3][-]{subsubsection.490}{\376\377\000S\000c\000r\000e\000e\000n\000\040\0001\0006\000:\000\040\000C\000r\000e\000a\000t\000e\000\040\000R\000i\000d\000e\000\040\000F\000i\000n\000a\000l\000\040\000D\000e\000t\000a\000i\000l\000s}{subsection.411}% 241
\BOOKMARK [3][-]{subsubsection.495}{\376\377\000S\000c\000r\000e\000e\000n\000\040\0001\0007\000:\000\040\000C\000r\000e\000a\000t\000e\000\040\000R\000i\000d\000e\000\040\000S\000u\000m\000m\000a\000r\000y}{subsection.411}% 242
\BOOKMARK [3][-]{subsubsection.500}{\376\377\000S\000c\000r\000e\000e\000n\000\040\0001\0008\000:\000\040\000E\000d\000i\000t\000\040\000R\000i\000d\000e\000\040\000S\000t\000o\000p\000s\000\040\000B\000r\000e\000a\000k\000d\000o\000w\000n}{subsection.411}% 243
\BOOKMARK [3][-]{subsubsection.505}{\376\377\000S\000c\000r\000e\000e\000n\000\040\0001\0009\000:\000\040\000F\000i\000n\000d\000\040\000R\000i\000d\000e\000\040\000S\000e\000l\000e\000c\000t\000\040\000P\000i\000c\000k\000u\000p}{subsection.411}% 244
\BOOKMARK [3][-]{subsubsection.510}{\376\377\000S\000c\000r\000e\000e\000n\000\040\0002\0000\000:\000\040\000F\000i\000n\000d\000\040\000R\000i\000d\000e\000\040\000F\000i\000l\000t\000e\000r\000s}{subsection.411}% 245
\BOOKMARK [3][-]{subsubsection.515}{\376\377\000S\000c\000r\000e\000e\000n\000\040\0002\0001\000:\000\040\000F\000i\000n\000d\000\040\000R\000i\000d\000e\000\040\000A\000v\000a\000i\000l\000a\000b\000l\000e\000\040\000R\000i\000d\000e\000s}{subsection.411}% 246
\BOOKMARK [3][-]{subsubsection.520}{\376\377\000S\000c\000r\000e\000e\000n\000\040\0002\0002\000:\000\040\000R\000i\000d\000e\000\040\000D\000e\000t\000a\000i\000l\000s\000\040\000S\000c\000r\000e\000e\000n}{subsection.411}% 247
\BOOKMARK [3][-]{subsubsection.526}{\376\377\000S\000c\000r\000e\000e\000n\000\040\0002\0003\000:\000\040\000P\000a\000s\000s\000e\000n\000g\000e\000r\000\040\000B\000o\000o\000k\000\040\000R\000i\000d\000e\000\040\000D\000e\000t\000a\000i\000l\000s}{subsection.411}% 248
\BOOKMARK [3][-]{subsubsection.531}{\376\377\000S\000c\000r\000e\000e\000n\000\040\0002\0004\000:\000\040\000P\000a\000s\000s\000e\000n\000g\000e\000r\000\040\000N\000e\000g\000o\000t\000i\000a\000t\000i\000o\000n\000\040\000D\000e\000t\000a\000i\000l\000s}{subsection.411}% 249
\BOOKMARK [3][-]{subsubsection.536}{\376\377\000S\000c\000r\000e\000e\000n\000\040\0002\0005\000:\000\040\000D\000r\000i\000v\000e\000r\000\040\000R\000e\000s\000p\000o\000n\000s\000e\000\040\000S\000c\000r\000e\000e\000n}{subsection.411}% 250
\BOOKMARK [3][-]{subsubsection.541}{\376\377\000S\000c\000r\000e\000e\000n\000\040\0002\0006\000:\000\040\000M\000y\000\040\000B\000o\000o\000k\000i\000n\000g\000s\000\040\000C\000o\000n\000f\000i\000r\000m\000e\000d}{subsection.411}% 251
\BOOKMARK [3][-]{subsubsection.546}{\376\377\000S\000c\000r\000e\000e\000n\000\040\0002\0007\000:\000\040\000P\000a\000s\000s\000e\000n\000g\000e\000r\000\040\000L\000i\000v\000e\000\040\000T\000r\000a\000c\000k\000i\000n\000g\000\040\000S\000t\000a\000r\000t}{subsection.411}% 252
\BOOKMARK [3][-]{subsubsection.551}{\376\377\000S\000c\000r\000e\000e\000n\000\040\0002\0008\000:\000\040\000L\000i\000v\000e\000\040\000T\000r\000a\000c\000k\000i\000n\000g\000\040\000S\000c\000r\000e\000e\000n}{subsection.411}% 253
\BOOKMARK [3][-]{subsubsection.558}{\376\377\000S\000c\000r\000e\000e\000n\000\040\0002\0009\000:\000\040\000D\000r\000i\000v\000e\000r\000\040\000L\000i\000v\000e\000\040\000R\000i\000d\000e\000\040\000T\000r\000a\000c\000k\000i\000n\000g}{subsection.411}% 254
\BOOKMARK [3][-]{subsubsection.563}{\376\377\000S\000c\000r\000e\000e\000n\000\040\0003\0000\000:\000\040\000D\000r\000i\000v\000e\000r\000\040\000P\000i\000c\000k\000u\000p\000\040\000Q\000r\000\040\000C\000o\000d\000e}{subsection.411}% 255
\BOOKMARK [3][-]{subsubsection.568}{\376\377\000S\000c\000r\000e\000e\000n\000\040\0003\0001\000:\000\040\000W\000e\000b\000\040\000L\000i\000v\000e\000\040\000T\000r\000a\000c\000k\000i\000n\000g}{subsection.411}% 256
\BOOKMARK [3][-]{subsubsection.573}{\376\377\000S\000c\000r\000e\000e\000n\000\040\0003\0002\000:\000\040\000C\000h\000a\000t\000\040\000S\000c\000r\000e\000e\000n}{subsection.411}% 257
\BOOKMARK [3][-]{subsubsection.579}{\376\377\000S\000c\000r\000e\000e\000n\000\040\0003\0003\000:\000\040\000D\000r\000i\000v\000e\000r\000\040\000B\000r\000o\000a\000d\000c\000a\000s\000t\000\040\000M\000e\000s\000s\000a\000g\000e}{subsection.411}% 258
\BOOKMARK [3][-]{subsubsection.584}{\376\377\000S\000c\000r\000e\000e\000n\000\040\0003\0004\000:\000\040\000E\000m\000e\000r\000g\000e\000n\000c\000y\000\040\000S\000o\000s\000\040\000C\000o\000u\000n\000t\000d\000o\000w\000n}{subsection.411}% 259
\BOOKMARK [3][-]{subsubsection.589}{\376\377\000S\000c\000r\000e\000e\000n\000\040\0003\0005\000:\000\040\000N\000o\000t\000i\000f\000i\000c\000a\000t\000i\000o\000n\000s\000\040\000L\000i\000s\000t\000\040\000S\000o\000s}{subsection.411}% 260
\BOOKMARK [3][-]{subsubsection.594}{\376\377\000S\000c\000r\000e\000e\000n\000\040\0003\0006\000:\000\040\000R\000i\000d\000e\000\040\000C\000o\000m\000p\000l\000e\000t\000i\000o\000n}{subsection.411}% 261
\BOOKMARK [3][-]{subsubsection.599}{\376\377\000S\000c\000r\000e\000e\000n\000\040\0003\0007\000:\000\040\000P\000a\000y\000m\000e\000n\000t\000\040\000S\000c\000r\000e\000e\000n\000\040\000C\000a\000s\000h}{subsection.411}% 262
\BOOKMARK [3][-]{subsubsection.604}{\376\377\000S\000c\000r\000e\000e\000n\000\040\0003\0008\000:\000\040\000D\000r\000i\000v\000e\000r\000\040\000C\000o\000n\000f\000i\000r\000m\000\040\000P\000a\000y\000m\000e\000n\000t\000s}{subsection.411}% 263
\BOOKMARK [3][-]{subsubsection.609}{\376\377\000S\000c\000r\000e\000e\000n\000\040\0003\0009\000:\000\040\000P\000r\000o\000f\000i\000l\000e\000\040\000R\000i\000d\000e\000\040\000H\000i\000s\000t\000o\000r\000y}{subsection.411}% 264
\BOOKMARK [3][-]{subsubsection.614}{\376\377\000S\000c\000r\000e\000e\000n\000\040\0004\0000\000:\000\040\000P\000r\000o\000f\000i\000l\000e\000\040\000C\000r\000e\000a\000t\000e\000d\000\040\000R\000i\000d\000e\000s\000\040\000H\000i\000s\000t\000o\000r\000y}{subsection.411}% 265
\BOOKMARK [3][-]{subsubsection.619}{\376\377\000S\000c\000r\000e\000e\000n\000\040\0004\0001\000:\000\040\000M\000y\000\040\000P\000r\000o\000f\000i\000l\000e\000\040\000V\000e\000r\000i\000f\000i\000e\000d\000\040\000D\000r\000i\000v\000e\000r}{subsection.411}% 266
\BOOKMARK [3][-]{subsubsection.624}{\376\377\000S\000c\000r\000e\000e\000n\000\040\0004\0002\000:\000\040\000S\000u\000p\000p\000o\000r\000t\000\040\000C\000h\000a\000t\000\040\000B\000o\000t}{subsection.411}% 267
\BOOKMARK [3][-]{subsubsection.629}{\376\377\000S\000c\000r\000e\000e\000n\000\040\0004\0003\000:\000\040\000S\000O\000S\000\040\000L\000i\000v\000e\000\040\000T\000r\000a\000c\000k\000i\000n\000g\000\040\000D\000a\000s\000h\000b\000o\000a\000r\000d}{subsection.411}% 268
\BOOKMARK [3][-]{subsubsection.636}{\376\377\000S\000c\000r\000e\000e\000n\000\040\0004\0004\000:\000\040\000A\000d\000m\000i\000n\000\040\000D\000a\000s\000h\000b\000o\000a\000r\000d\000\040\000O\000v\000e\000r\000v\000i\000e\000w}{subsection.411}% 269
\BOOKMARK [3][-]{subsubsection.641}{\376\377\000S\000c\000r\000e\000e\000n\000\040\0004\0005\000:\000\040\000A\000d\000m\000i\000n\000\040\000R\000e\000a\000c\000h\000e\000d\000\040\000P\000e\000n\000d\000i\000n\000g\000\040\000T\000r\000i\000p\000s}{subsection.411}% 270
\BOOKMARK [3][-]{subsubsection.646}{\376\377\000S\000c\000r\000e\000e\000n\000\040\0004\0006\000:\000\040\000A\000d\000m\000i\000n\000\040\000S\000O\000S\000\040\000I\000n\000c\000i\000d\000e\000n\000t\000s\000\040\000L\000i\000s\000t}{subsection.411}% 271
\BOOKMARK [3][-]{subsubsection.651}{\376\377\000S\000c\000r\000e\000e\000n\000\040\0004\0007\000:\000\040\000A\000c\000c\000o\000u\000n\000t\000\040\000B\000a\000n\000n\000e\000d}{subsection.411}% 272
\BOOKMARK [3][-]{subsubsection.656}{\376\377\000S\000c\000r\000e\000e\000n\000\040\0004\0008\000:\000\040\000A\000c\000c\000o\000u\000n\000t\000\040\000R\000e\000j\000e\000c\000t\000e\000d}{subsection.411}% 273
\BOOKMARK [3][-]{subsubsection.661}{\376\377\000S\000c\000r\000e\000e\000n\000\040\0004\0009\000:\000\040\000B\000l\000o\000c\000k\000e\000d\000\040\000U\000s\000e\000r\000s\000\040\000L\000i\000s\000t}{subsection.411}% 274
\BOOKMARK [2][-]{subsection.666}{\376\377\000N\000a\000v\000i\000g\000a\000t\000i\000o\000n\000\040\000F\000l\000o\000w\000\040\000D\000i\000a\000g\000r\000a\000m}{section.409}% 275
\BOOKMARK [2][-]{subsection.669}{\376\377\000R\000e\000s\000p\000o\000n\000s\000i\000v\000e\000n\000e\000s\000s\000\040\000a\000n\000d\000\040\000P\000e\000r\000f\000o\000r\000m\000a\000n\000c\000e}{section.409}% 276
\BOOKMARK [1][-]{section.670}{\376\377\000D\000e\000p\000l\000o\000y\000m\000e\000n\000t}{chapter.367}% 277
\BOOKMARK [0][-]{chapter.673}{\376\377\000T\000e\000s\000t\000i\000n\000g\000\040\000a\000n\000d\000\040\000E\000v\000a\000l\000u\000a\000t\000i\000o\000n}{}% 278
\BOOKMARK [1][-]{section.674}{\376\377\000T\000e\000s\000t\000i\000n\000g\000\040\000S\000t\000r\000a\000t\000e\000g\000y}{chapter.673}% 279
\BOOKMARK [1][-]{section.675}{\376\377\000U\000n\000i\000t\000\040\000T\000e\000s\000t\000i\000n\000g}{chapter.673}% 280
\BOOKMARK [2][-]{subsection.676}{\376\377\000U\000T\000-\0000\0001\000:\000\040\000A\000u\000t\000h\000e\000n\000t\000i\000c\000a\000t\000i\000o\000n\000\040\000M\000o\000d\000u\000l\000e}{section.675}% 281
\BOOKMARK [2][-]{subsection.679}{\376\377\000U\000T\000-\0000\0002\000:\000\040\000V\000e\000h\000i\000c\000l\000e\000\040\000M\000a\000n\000a\000g\000e\000m\000e\000n\000t\000\040\000M\000o\000d\000u\000l\000e}{section.675}% 282
\BOOKMARK [2][-]{subsection.682}{\376\377\000U\000T\000-\0000\0003\000:\000\040\000R\000i\000d\000e\000\040\000P\000o\000s\000t\000i\000n\000g\000\040\000a\000n\000d\000\040\000F\000a\000r\000e\000\040\000M\000o\000d\000u\000l\000e}{section.675}% 283
\BOOKMARK [2][-]{subsection.685}{\376\377\000U\000T\000-\0000\0004\000:\000\040\000T\000r\000i\000p\000\040\000M\000a\000p\000p\000i\000n\000g\000\040\000a\000n\000d\000\040\000F\000o\000r\000m\000a\000t\000t\000i\000n\000g}{section.675}% 284
\BOOKMARK [2][-]{subsection.688}{\376\377\000U\000T\000-\0000\0005\000:\000\040\000A\000d\000m\000i\000n\000i\000s\000t\000r\000a\000t\000i\000v\000e\000\040\000V\000i\000e\000w\000s}{section.675}% 285
\BOOKMARK [2][-]{subsection.691}{\376\377\000U\000T\000-\0000\0006\000:\000\040\000S\000O\000S\000\040\000a\000n\000d\000\040\000I\000n\000c\000i\000d\000e\000n\000t\000\040\000T\000r\000a\000c\000k\000i\000n\000g}{section.675}% 286
\BOOKMARK [2][-]{subsection.694}{\376\377\000U\000T\000-\0000\0007\000:\000\040\000W\000e\000b\000S\000o\000c\000k\000e\000t\000\040\000a\000n\000d\000\040\000R\000e\000a\000l\000-\000t\000i\000m\000e\000\040\000C\000o\000m\000m\000u\000n\000i\000c\000a\000t\000i\000o\000n}{section.675}% 287
\BOOKMARK [2][-]{subsection.697}{\376\377\000U\000T\000-\0000\0008\000:\000\040\000C\000o\000n\000t\000e\000n\000t\000-\000B\000a\000s\000e\000d\000\040\000R\000e\000c\000o\000m\000m\000e\000n\000d\000a\000t\000i\000o\000n\000\040\000L\000o\000g\000i\000c}{section.675}% 288
\BOOKMARK [1][-]{section.700}{\376\377\000I\000n\000t\000e\000g\000r\000a\000t\000i\000o\000n\000\040\000T\000e\000s\000t\000i\000n\000g}{chapter.673}% 289
\BOOKMARK [1][-]{section.703}{\376\377\000A\000P\000I\000\040\000E\000n\000d\000p\000o\000i\000n\000t\000\040\000V\000a\000l\000i\000d\000a\000t\000i\000o\000n\000\040\000v\000i\000a\000\040\000P\000o\000s\000t\000m\000a\000n}{chapter.673}% 290
\BOOKMARK [2][-]{subsection.704}{\376\377\000C\000o\000r\000e\000\040\000L\000i\000f\000e\000c\000y\000c\000l\000e\000\040\000A\000P\000I\000s}{section.703}% 291
\BOOKMARK [2][-]{subsection.711}{\376\377\000T\000r\000i\000p\000\040\000E\000x\000e\000c\000u\000t\000i\000o\000n\000\040\000a\000n\000d\000\040\000R\000e\000a\000l\000-\000t\000i\000m\000e\000\040\000U\000p\000d\000a\000t\000e\000s}{section.703}% 292
\BOOKMARK [2][-]{subsection.718}{\376\377\000I\000n\000f\000r\000a\000s\000t\000r\000u\000c\000t\000u\000r\000e\000\040\000a\000n\000d\000\040\000S\000a\000f\000e\000t\000y\000\040\000S\000e\000r\000v\000i\000c\000e\000s}{section.703}% 293
\BOOKMARK [1][-]{section.725}{\376\377\000S\000y\000s\000t\000e\000m\000\040\000T\000e\000s\000t\000i\000n\000g}{chapter.673}% 294
\BOOKMARK [1][-]{section.726}{\376\377\000P\000e\000r\000f\000o\000r\000m\000a\000n\000c\000e\000\040\000T\000e\000s\000t\000i\000n\000g}{chapter.673}% 295
\BOOKMARK [1][-]{section.729}{\376\377\000S\000e\000c\000u\000r\000i\000t\000y\000\040\000T\000e\000s\000t\000i\000n\000g}{chapter.673}% 296
\BOOKMARK [1][-]{section.730}{\376\377\000M\000a\000c\000h\000i\000n\000e\000\040\000L\000e\000a\000r\000n\000i\000n\000g\000\040\000M\000o\000d\000e\000l\000\040\000E\000v\000a\000l\000u\000a\000t\000i\000o\000n}{chapter.673}% 297
\BOOKMARK [2][-]{subsection.731}{\376\377\000R\000a\000n\000k\000i\000n\000g\000\040\000L\000o\000g\000i\000c\000\040\000F\000a\000c\000t\000o\000r\000s}{section.730}% 298
\BOOKMARK [2][-]{subsection.732}{\376\377\000E\000v\000a\000l\000u\000a\000t\000i\000o\000n\000\040\000P\000e\000r\000f\000o\000r\000m\000a\000n\000c\000e\000\040\000M\000e\000t\000r\000i\000c\000s}{section.730}% 299
\BOOKMARK [2][-]{subsection.735}{\376\377\000E\000r\000r\000o\000r\000\040\000A\000n\000a\000l\000y\000s\000i\000s\000\040\000\050\000W\000o\000r\000s\000t\000\040\000C\000a\000s\000e\000s\000\051}{section.730}% 300
\BOOKMARK [1][-]{section.738}{\376\377\000U\000s\000e\000r\000\040\000A\000c\000c\000e\000p\000t\000a\000n\000c\000e\000\040\000T\000e\000s\000t\000i\000n\000g}{chapter.673}% 301
\BOOKMARK [1][-]{section.739}{\376\377\000A\000u\000t\000o\000m\000a\000t\000e\000d\000\040\000T\000e\000s\000t\000\040\000E\000x\000e\000c\000u\000t\000i\000o\000n\000\040\000R\000e\000s\000u\000l\000t\000s\000\040\000\050\000P\000r\000o\000o\000f\000s\000\051}{chapter.673}% 302
\BOOKMARK [2][-]{subsection.740}{\376\377\000F\000r\000o\000n\000t\000e\000n\000d\000\040\000U\000n\000i\000t\000\040\000a\000n\000d\000\040\000W\000i\000d\000g\000e\000t\000\040\000T\000e\000s\000t\000s}{section.739}% 303
\BOOKMARK [2][-]{subsection.745}{\376\377\000B\000a\000c\000k\000e\000n\000d\000\040\000L\000o\000g\000i\000c\000\040\000a\000n\000d\000\040\000V\000i\000e\000w\000\040\000T\000e\000s\000t\000s}{section.739}% 304
\BOOKMARK [1][-]{section.748}{\376\377\000T\000e\000s\000t\000i\000n\000g\000\040\000S\000u\000m\000m\000a\000r\000y}{chapter.673}% 305
\BOOKMARK [0][-]{chapter.749}{\376\377\000C\000o\000n\000c\000l\000u\000s\000i\000o\000n\000\040\000a\000n\000d\000\040\000F\000u\000t\000u\000r\000e\000\040\000W\000o\000r\000k}{}% 306
\BOOKMARK [1][-]{section.750}{\376\377\000C\000o\000n\000c\000l\000u\000s\000i\000o\000n}{chapter.749}% 307
\BOOKMARK [1][-]{section.751}{\376\377\000F\000u\000t\000u\000r\000e\000\040\000W\000o\000r\000k}{chapter.749}% 308
\BOOKMARK [1][-]{section.752}{\376\377\000L\000i\000m\000i\000t\000a\000t\000i\000o\000n\000s}{chapter.749}% 309
\BOOKMARK [0][-]{appendix*.754}{\376\377\000A\000p\000p\000e\000n\000d\000i\000c\000e\000s}{}% 310
\BOOKMARK [1][-]{section*.755}{\376\377\000A\000p\000p\000e\000n\000d\000i\000x\000\040\000A\000\040\040\023\000\040\000T\000u\000r\000n\000i\000t\000i\000n\000\040\000S\000i\000m\000i\000l\000a\000r\000i\000t\000y\000\040\000R\000e\000p\000o\000r\000t}{appendix*.754}% 311
\BOOKMARK [1][-]{section*.755}{\376\377\000A\000p\000p\000e\000n\000d\000i\000x\000\040\000B\000\040\040\023\000\040\000A\000I\000\040\000W\000r\000i\000t\000i\000n\000g\000\040\000D\000e\000t\000e\000c\000t\000i\000o\000n\000\040\000R\000e\000p\000o\000r\000t}{appendix*.754}% 312
\BOOKMARK [1][-]{section*.755}{\376\377\000A\000p\000p\000e\000n\000d\000i\000x\000\040\000C\000\040\040\023\000\040\000S\000o\000u\000r\000c\000e\000\040\000C\000o\000d\000e}{appendix*.754}% 313
